24-Apr-2026 10:29:31.152 INFO [main] org.apache.catalina.startup.VersionLoggerListener.log Server version name:   Apache Tomcat/10.1.52
24-Apr-2026 10:29:31.166 INFO [main] org.apache.catalina.startup.VersionLoggerListener.log Server built:          Jan 23 2026 19:29:07 UTC
24-Apr-2026 10:29:31.168 INFO [main] org.apache.catalina.startup.VersionLoggerListener.log Server version number: 10.1.52.0
24-Apr-2026 10:29:31.169 INFO [main] org.apache.catalina.startup.VersionLoggerListener.log OS Name:               Windows 10
24-Apr-2026 10:29:31.169 INFO [main] org.apache.catalina.startup.VersionLoggerListener.log OS Version:            10.0
24-Apr-2026 10:29:31.170 INFO [main] org.apache.catalina.startup.VersionLoggerListener.log Architecture:          amd64
24-Apr-2026 10:29:31.171 INFO [main] org.apache.catalina.startup.VersionLoggerListener.log Java Home:             C:\Program Files\Java\jdk-17
24-Apr-2026 10:29:31.172 INFO [main] org.apache.catalina.startup.VersionLoggerListener.log JVM Version:           17.0.10+11-LTS-240
24-Apr-2026 10:29:31.172 INFO [main] org.apache.catalina.startup.VersionLoggerListener.log JVM Vendor:            Oracle Corporation
24-Apr-2026 10:29:31.173 INFO [main] org.apache.catalina.startup.VersionLoggerListener.log CATALINA_BASE:         C:\Users\frano\Documents\jakartaee\projekt\apache-tomcat-10.1.52
24-Apr-2026 10:29:31.174 INFO [main] org.apache.catalina.startup.VersionLoggerListener.log CATALINA_HOME:         C:\Users\frano\Documents\jakartaee\projekt\apache-tomcat-10.1.52
24-Apr-2026 10:29:31.200 INFO [main] org.apache.catalina.startup.VersionLoggerListener.log Command line argument: -Djava.util.logging.config.file=C:\Users\frano\Documents\jakartaee\projekt\apache-tomcat-10.1.52\conf\logging.properties
24-Apr-2026 10:29:31.201 INFO [main] org.apache.catalina.startup.VersionLoggerListener.log Command line argument: -Djava.util.logging.manager=org.apache.juli.ClassLoaderLogManager
24-Apr-2026 10:29:31.203 INFO [main] org.apache.catalina.startup.VersionLoggerListener.log Command line argument: -Djdk.tls.ephemeralDHKeySize=2048
24-Apr-2026 10:29:31.203 INFO [main] org.apache.catalina.startup.VersionLoggerListener.log Command line argument: -Djava.protocol.handler.pkgs=org.apache.catalina.webresources
24-Apr-2026 10:29:31.204 INFO [main] org.apache.catalina.startup.VersionLoggerListener.log Command line argument: -Dsun.io.useCanonCaches=false
24-Apr-2026 10:29:31.205 INFO [main] org.apache.catalina.startup.VersionLoggerListener.log Command line argument: --add-opens=java.base/java.lang=ALL-UNNAMED
24-Apr-2026 10:29:31.207 INFO [main] org.apache.catalina.startup.VersionLoggerListener.log Command line argument: --add-opens=java.base/java.lang.reflect=ALL-UNNAMED
24-Apr-2026 10:29:31.209 INFO [main] org.apache.catalina.startup.VersionLoggerListener.log Command line argument: --add-opens=java.base/java.io=ALL-UNNAMED
24-Apr-2026 10:29:31.211 INFO [main] org.apache.catalina.startup.VersionLoggerListener.log Command line argument: --add-opens=java.base/java.util=ALL-UNNAMED
24-Apr-2026 10:29:31.213 INFO [main] org.apache.catalina.startup.VersionLoggerListener.log Command line argument: --add-opens=java.base/java.util.concurrent=ALL-UNNAMED
24-Apr-2026 10:29:31.214 INFO [main] org.apache.catalina.startup.VersionLoggerListener.log Command line argument: --add-opens=java.rmi/sun.rmi.transport=ALL-UNNAMED
24-Apr-2026 10:29:31.216 INFO [main] org.apache.catalina.startup.VersionLoggerListener.log Command line argument: -Dcatalina.base=C:\Users\frano\Documents\jakartaee\projekt\apache-tomcat-10.1.52
24-Apr-2026 10:29:31.218 INFO [main] org.apache.catalina.startup.VersionLoggerListener.log Command line argument: -Dcatalina.home=C:\Users\frano\Documents\jakartaee\projekt\apache-tomcat-10.1.52
24-Apr-2026 10:29:31.220 INFO [main] org.apache.catalina.startup.VersionLoggerListener.log Command line argument: -Djava.io.tmpdir=C:\Users\frano\Documents\jakartaee\projekt\apache-tomcat-10.1.52\temp
24-Apr-2026 10:29:31.231 INFO [main] org.apache.catalina.core.AprLifecycleListener.lifecycleEvent Loaded Apache Tomcat Native library [2.0.12] using APR version [1.7.6].
24-Apr-2026 10:29:31.271 INFO [main] org.apache.catalina.core.AprLifecycleListener.initializeSSL OpenSSL successfully initialized [OpenSSL 3.5.4 30 Sep 2025]
24-Apr-2026 10:29:31.911 INFO [main] org.apache.coyote.AbstractProtocol.init Initializing ProtocolHandler ["http-nio-8080"]
24-Apr-2026 10:29:31.987 INFO [main] org.apache.catalina.startup.Catalina.load Server initialization in [1284] milliseconds
24-Apr-2026 10:29:32.177 INFO [main] org.apache.catalina.core.StandardService.startInternal Starting service [Catalina]
24-Apr-2026 10:29:32.181 INFO [main] org.apache.catalina.core.StandardEngine.startInternal Starting Servlet engine: [Apache Tomcat/10.1.52]
24-Apr-2026 10:29:32.232 INFO [main] org.apache.catalina.startup.HostConfig.deployDirectory Deploying web application directory [C:\Users\frano\Documents\jakartaee\projekt\apache-tomcat-10.1.52\webapps\docs]
24-Apr-2026 10:29:33.819 INFO [main] org.apache.jasper.servlet.TldScanner.scanJars At least one JAR was scanned for TLDs yet contained no TLDs. Enable debug logging for this logger for a complete list of JARs that were scanned but no TLDs were found in them. Skipping unneeded JARs during scanning can improve startup time and JSP compilation time.
24-Apr-2026 10:29:34.028 INFO [main] org.apache.catalina.startup.HostConfig.deployDirectory Deployment of web application directory [C:\Users\frano\Documents\jakartaee\projekt\apache-tomcat-10.1.52\webapps\docs] has finished in [1,795] ms
24-Apr-2026 10:29:34.030 INFO [main] org.apache.catalina.startup.HostConfig.deployDirectory Deploying web application directory [C:\Users\frano\Documents\jakartaee\projekt\apache-tomcat-10.1.52\webapps\ex4]
24-Apr-2026 10:29:35.089 INFO [main] org.apache.jasper.servlet.TldScanner.scanJars At least one JAR was scanned for TLDs yet contained no TLDs. Enable debug logging for this logger for a complete list of JARs that were scanned but no TLDs were found in them. Skipping unneeded JARs during scanning can improve startup time and JSP compilation time.
24-Apr-2026 10:29:35.111 INFO [main] org.apache.catalina.startup.HostConfig.deployDirectory Deployment of web application directory [C:\Users\frano\Documents\jakartaee\projekt\apache-tomcat-10.1.52\webapps\ex4] has finished in [1,081] ms
24-Apr-2026 10:29:35.113 INFO [main] org.apache.catalina.startup.HostConfig.deployDirectory Deploying web application directory [C:\Users\frano\Documents\jakartaee\projekt\apache-tomcat-10.1.52\webapps\examples]
24-Apr-2026 10:29:37.295 INFO [main] org.apache.jasper.servlet.TldScanner.scanJars At least one JAR was scanned for TLDs yet contained no TLDs. Enable debug logging for this logger for a complete list of JARs that were scanned but no TLDs were found in them. Skipping unneeded JARs during scanning can improve startup time and JSP compilation time.
24-Apr-2026 10:29:37.502 INFO [main] org.apache.catalina.startup.HostConfig.deployDirectory Deployment of web application directory [C:\Users\frano\Documents\jakartaee\projekt\apache-tomcat-10.1.52\webapps\examples] has finished in [2,389] ms
24-Apr-2026 10:29:37.505 INFO [main] org.apache.catalina.startup.HostConfig.deployDirectory Deploying web application directory [C:\Users\frano\Documents\jakartaee\projekt\apache-tomcat-10.1.52\webapps\host-manager]
24-Apr-2026 10:29:38.284 INFO [main] org.apache.jasper.servlet.TldScanner.scanJars At least one JAR was scanned for TLDs yet contained no TLDs. Enable debug logging for this logger for a complete list of JARs that were scanned but no TLDs were found in them. Skipping unneeded JARs during scanning can improve startup time and JSP compilation time.
24-Apr-2026 10:29:38.308 INFO [main] org.apache.catalina.startup.HostConfig.deployDirectory Deployment of web application directory [C:\Users\frano\Documents\jakartaee\projekt\apache-tomcat-10.1.52\webapps\host-manager] has finished in [803] ms
24-Apr-2026 10:29:38.310 INFO [main] org.apache.catalina.startup.HostConfig.deployDirectory Deploying web application directory [C:\Users\frano\Documents\jakartaee\projekt\apache-tomcat-10.1.52\webapps\manager]
24-Apr-2026 10:29:39.074 INFO [main] org.apache.jasper.servlet.TldScanner.scanJars At least one JAR was scanned for TLDs yet contained no TLDs. Enable debug logging for this logger for a complete list of JARs that were scanned but no TLDs were found in them. Skipping unneeded JARs during scanning can improve startup time and JSP compilation time.
24-Apr-2026 10:29:39.087 INFO [main] org.apache.catalina.startup.HostConfig.deployDirectory Deployment of web application directory [C:\Users\frano\Documents\jakartaee\projekt\apache-tomcat-10.1.52\webapps\manager] has finished in [776] ms
24-Apr-2026 10:29:39.088 INFO [main] org.apache.catalina.startup.HostConfig.deployDirectory Deploying web application directory [C:\Users\frano\Documents\jakartaee\projekt\apache-tomcat-10.1.52\webapps\ROOT]
24-Apr-2026 10:29:39.907 INFO [main] org.apache.jasper.servlet.TldScanner.scanJars At least one JAR was scanned for TLDs yet contained no TLDs. Enable debug logging for this logger for a complete list of JARs that were scanned but no TLDs were found in them. Skipping unneeded JARs during scanning can improve startup time and JSP compilation time.
24-Apr-2026 10:29:39.917 INFO [main] org.apache.catalina.startup.HostConfig.deployDirectory Deployment of web application directory [C:\Users\frano\Documents\jakartaee\projekt\apache-tomcat-10.1.52\webapps\ROOT] has finished in [829] ms
24-Apr-2026 10:29:39.919 INFO [main] org.apache.catalina.startup.HostConfig.deployDirectory Deploying web application directory [C:\Users\frano\Documents\jakartaee\projekt\apache-tomcat-10.1.52\webapps\websocketapp]
24-Apr-2026 10:29:40.607 INFO [main] org.apache.jasper.servlet.TldScanner.scanJars At least one JAR was scanned for TLDs yet contained no TLDs. Enable debug logging for this logger for a complete list of JARs that were scanned but no TLDs were found in them. Skipping unneeded JARs during scanning can improve startup time and JSP compilation time.
24-Apr-2026 10:29:40.617 INFO [main] org.apache.catalina.startup.HostConfig.deployDirectory Deployment of web application directory [C:\Users\frano\Documents\jakartaee\projekt\apache-tomcat-10.1.52\webapps\websocketapp] has finished in [698] ms
24-Apr-2026 10:29:40.630 INFO [main] org.apache.coyote.AbstractProtocol.start Starting ProtocolHandler ["http-nio-8080"]
24-Apr-2026 10:29:40.748 INFO [main] org.apache.catalina.startup.Catalina.start Server startup in [8759] milliseconds
24-Apr-2026 10:34:01.761 INFO [Catalina-utility-1] org.apache.catalina.startup.HostConfig.undeploy Undeploying context [/websocketapp]
24-Apr-2026 10:34:12.352 INFO [Catalina-utility-2] org.apache.catalina.startup.HostConfig.undeploy Undeploying context [/ex4]
24-Apr-2026 10:34:55.036 INFO [main] org.apache.catalina.startup.VersionLoggerListener.log Server version name:   Apache Tomcat/10.1.52
24-Apr-2026 10:34:55.051 INFO [main] org.apache.catalina.startup.VersionLoggerListener.log Server built:          Jan 23 2026 19:29:07 UTC
24-Apr-2026 10:34:55.053 INFO [main] org.apache.catalina.startup.VersionLoggerListener.log Server version number: 10.1.52.0
24-Apr-2026 10:34:55.053 INFO [main] org.apache.catalina.startup.VersionLoggerListener.log OS Name:               Windows 10
24-Apr-2026 10:34:55.055 INFO [main] org.apache.catalina.startup.VersionLoggerListener.log OS Version:            10.0
24-Apr-2026 10:34:55.056 INFO [main] org.apache.catalina.startup.VersionLoggerListener.log Architecture:          amd64
24-Apr-2026 10:34:55.057 INFO [main] org.apache.catalina.startup.VersionLoggerListener.log Java Home:             C:\Program Files\Java\jdk-17
24-Apr-2026 10:34:55.058 INFO [main] org.apache.catalina.startup.VersionLoggerListener.log JVM Version:           17.0.10+11-LTS-240
24-Apr-2026 10:34:55.059 INFO [main] org.apache.catalina.startup.VersionLoggerListener.log JVM Vendor:            Oracle Corporation
24-Apr-2026 10:34:55.060 INFO [main] org.apache.catalina.startup.VersionLoggerListener.log CATALINA_BASE:         C:\Users\frano\Documents\jakartaee\projekt\apache-tomcat-10.1.52
24-Apr-2026 10:34:55.061 INFO [main] org.apache.catalina.startup.VersionLoggerListener.log CATALINA_HOME:         C:\Users\frano\Documents\jakartaee\projekt\apache-tomcat-10.1.52
24-Apr-2026 10:34:55.082 INFO [main] org.apache.catalina.startup.VersionLoggerListener.log Command line argument: -Djava.util.logging.config.file=C:\Users\frano\Documents\jakartaee\projekt\apache-tomcat-10.1.52\conf\logging.properties
24-Apr-2026 10:34:55.083 INFO [main] org.apache.catalina.startup.VersionLoggerListener.log Command line argument: -Djava.util.logging.manager=org.apache.juli.ClassLoaderLogManager
24-Apr-2026 10:34:55.085 INFO [main] org.apache.catalina.startup.VersionLoggerListener.log Command line argument: -Djdk.tls.ephemeralDHKeySize=2048
24-Apr-2026 10:34:55.085 INFO [main] org.apache.catalina.startup.VersionLoggerListener.log Command line argument: -Djava.protocol.handler.pkgs=org.apache.catalina.webresources
24-Apr-2026 10:34:55.086 INFO [main] org.apache.catalina.startup.VersionLoggerListener.log Command line argument: -Dsun.io.useCanonCaches=false
24-Apr-2026 10:34:55.088 INFO [main] org.apache.catalina.startup.VersionLoggerListener.log Command line argument: --add-opens=java.base/java.lang=ALL-UNNAMED
24-Apr-2026 10:34:55.090 INFO [main] org.apache.catalina.startup.VersionLoggerListener.log Command line argument: --add-opens=java.base/java.lang.reflect=ALL-UNNAMED
24-Apr-2026 10:34:55.092 INFO [main] org.apache.catalina.startup.VersionLoggerListener.log Command line argument: --add-opens=java.base/java.io=ALL-UNNAMED
24-Apr-2026 10:34:55.094 INFO [main] org.apache.catalina.startup.VersionLoggerListener.log Command line argument: --add-opens=java.base/java.util=ALL-UNNAMED
24-Apr-2026 10:34:55.097 INFO [main] org.apache.catalina.startup.VersionLoggerListener.log Command line argument: --add-opens=java.base/java.util.concurrent=ALL-UNNAMED
24-Apr-2026 10:34:55.104 INFO [main] org.apache.catalina.startup.VersionLoggerListener.log Command line argument: --add-opens=java.rmi/sun.rmi.transport=ALL-UNNAMED
24-Apr-2026 10:34:55.105 INFO [main] org.apache.catalina.startup.VersionLoggerListener.log Command line argument: -Dcatalina.base=C:\Users\frano\Documents\jakartaee\projekt\apache-tomcat-10.1.52
24-Apr-2026 10:34:55.107 INFO [main] org.apache.catalina.startup.VersionLoggerListener.log Command line argument: -Dcatalina.home=C:\Users\frano\Documents\jakartaee\projekt\apache-tomcat-10.1.52
24-Apr-2026 10:34:55.109 INFO [main] org.apache.catalina.startup.VersionLoggerListener.log Command line argument: -Djava.io.tmpdir=C:\Users\frano\Documents\jakartaee\projekt\apache-tomcat-10.1.52\temp
24-Apr-2026 10:34:55.118 INFO [main] org.apache.catalina.core.AprLifecycleListener.lifecycleEvent Loaded Apache Tomcat Native library [2.0.12] using APR version [1.7.6].
24-Apr-2026 10:34:55.135 INFO [main] org.apache.catalina.core.AprLifecycleListener.initializeSSL OpenSSL successfully initialized [OpenSSL 3.5.4 30 Sep 2025]
24-Apr-2026 10:34:55.729 INFO [main] org.apache.coyote.AbstractProtocol.init Initializing ProtocolHandler ["http-nio-8080"]
24-Apr-2026 10:34:55.811 INFO [main] org.apache.catalina.startup.Catalina.load Server initialization in [1286] milliseconds
24-Apr-2026 10:34:55.995 INFO [main] org.apache.catalina.core.StandardService.startInternal Starting service [Catalina]
24-Apr-2026 10:34:55.996 INFO [main] org.apache.catalina.core.StandardEngine.startInternal Starting Servlet engine: [Apache Tomcat/10.1.52]
24-Apr-2026 10:34:56.037 INFO [main] org.apache.catalina.startup.HostConfig.deployDirectory Deploying web application directory [C:\Users\frano\Documents\jakartaee\projekt\apache-tomcat-10.1.52\webapps\docs]
24-Apr-2026 10:35:20.660 INFO [main] org.apache.catalina.startup.VersionLoggerListener.log Server version name:   Apache Tomcat/10.1.52
24-Apr-2026 10:35:20.674 INFO [main] org.apache.catalina.startup.VersionLoggerListener.log Server built:          Jan 23 2026 19:29:07 UTC
24-Apr-2026 10:35:20.676 INFO [main] org.apache.catalina.startup.VersionLoggerListener.log Server version number: 10.1.52.0
24-Apr-2026 10:35:20.677 INFO [main] org.apache.catalina.startup.VersionLoggerListener.log OS Name:               Windows 10
24-Apr-2026 10:35:20.677 INFO [main] org.apache.catalina.startup.VersionLoggerListener.log OS Version:            10.0
24-Apr-2026 10:35:20.678 INFO [main] org.apache.catalina.startup.VersionLoggerListener.log Architecture:          amd64
24-Apr-2026 10:35:20.679 INFO [main] org.apache.catalina.startup.VersionLoggerListener.log Java Home:             C:\Program Files\Java\jdk-17
24-Apr-2026 10:35:20.679 INFO [main] org.apache.catalina.startup.VersionLoggerListener.log JVM Version:           17.0.10+11-LTS-240
24-Apr-2026 10:35:20.680 INFO [main] org.apache.catalina.startup.VersionLoggerListener.log JVM Vendor:            Oracle Corporation
24-Apr-2026 10:35:20.681 INFO [main] org.apache.catalina.startup.VersionLoggerListener.log CATALINA_BASE:         C:\Users\frano\Documents\jakartaee\projekt\apache-tomcat-10.1.52
24-Apr-2026 10:35:20.681 INFO [main] org.apache.catalina.startup.VersionLoggerListener.log CATALINA_HOME:         C:\Users\frano\Documents\jakartaee\projekt\apache-tomcat-10.1.52
24-Apr-2026 10:35:20.699 INFO [main] org.apache.catalina.startup.VersionLoggerListener.log Command line argument: -Djava.util.logging.config.file=C:\Users\frano\Documents\jakartaee\projekt\apache-tomcat-10.1.52\conf\logging.properties
24-Apr-2026 10:35:20.700 INFO [main] org.apache.catalina.startup.VersionLoggerListener.log Command line argument: -Djava.util.logging.manager=org.apache.juli.ClassLoaderLogManager
24-Apr-2026 10:35:20.701 INFO [main] org.apache.catalina.startup.VersionLoggerListener.log Command line argument: -Djdk.tls.ephemeralDHKeySize=2048
24-Apr-2026 10:35:20.702 INFO [main] org.apache.catalina.startup.VersionLoggerListener.log Command line argument: -Djava.protocol.handler.pkgs=org.apache.catalina.webresources
24-Apr-2026 10:35:20.703 INFO [main] org.apache.catalina.startup.VersionLoggerListener.log Command line argument: -Dsun.io.useCanonCaches=false
24-Apr-2026 10:35:20.704 INFO [main] org.apache.catalina.startup.VersionLoggerListener.log Command line argument: --add-opens=java.base/java.lang=ALL-UNNAMED
24-Apr-2026 10:35:20.706 INFO [main] org.apache.catalina.startup.VersionLoggerListener.log Command line argument: --add-opens=java.base/java.lang.reflect=ALL-UNNAMED
24-Apr-2026 10:35:20.710 INFO [main] org.apache.catalina.startup.VersionLoggerListener.log Command line argument: --add-opens=java.base/java.io=ALL-UNNAMED
24-Apr-2026 10:35:20.712 INFO [main] org.apache.catalina.startup.VersionLoggerListener.log Command line argument: --add-opens=java.base/java.util=ALL-UNNAMED
24-Apr-2026 10:35:20.713 INFO [main] org.apache.catalina.startup.VersionLoggerListener.log Command line argument: --add-opens=java.base/java.util.concurrent=ALL-UNNAMED
24-Apr-2026 10:35:20.715 INFO [main] org.apache.catalina.startup.VersionLoggerListener.log Command line argument: --add-opens=java.rmi/sun.rmi.transport=ALL-UNNAMED
24-Apr-2026 10:35:20.717 INFO [main] org.apache.catalina.startup.VersionLoggerListener.log Command line argument: -Dcatalina.base=C:\Users\frano\Documents\jakartaee\projekt\apache-tomcat-10.1.52
24-Apr-2026 10:35:20.718 INFO [main] org.apache.catalina.startup.VersionLoggerListener.log Command line argument: -Dcatalina.home=C:\Users\frano\Documents\jakartaee\projekt\apache-tomcat-10.1.52
24-Apr-2026 10:35:20.720 INFO [main] org.apache.catalina.startup.VersionLoggerListener.log Command line argument: -Djava.io.tmpdir=C:\Users\frano\Documents\jakartaee\projekt\apache-tomcat-10.1.52\temp
24-Apr-2026 10:35:20.726 INFO [main] org.apache.catalina.core.AprLifecycleListener.lifecycleEvent Loaded Apache Tomcat Native library [2.0.12] using APR version [1.7.6].
24-Apr-2026 10:35:20.738 INFO [main] org.apache.catalina.core.AprLifecycleListener.initializeSSL OpenSSL successfully initialized [OpenSSL 3.5.4 30 Sep 2025]
24-Apr-2026 10:35:21.360 INFO [main] org.apache.coyote.AbstractProtocol.init Initializing ProtocolHandler ["http-nio-8080"]
24-Apr-2026 10:35:21.447 INFO [main] org.apache.catalina.startup.Catalina.load Server initialization in [1218] milliseconds
24-Apr-2026 10:35:21.618 INFO [main] org.apache.catalina.core.StandardService.startInternal Starting service [Catalina]
24-Apr-2026 10:35:21.619 INFO [main] org.apache.catalina.core.StandardEngine.startInternal Starting Servlet engine: [Apache Tomcat/10.1.52]
24-Apr-2026 10:35:21.668 INFO [main] org.apache.catalina.startup.HostConfig.deployDirectory Deploying web application directory [C:\Users\frano\Documents\jakartaee\projekt\apache-tomcat-10.1.52\webapps\docs]
24-Apr-2026 10:35:23.443 INFO [main] org.apache.jasper.servlet.TldScanner.scanJars At least one JAR was scanned for TLDs yet contained no TLDs. Enable debug logging for this logger for a complete list of JARs that were scanned but no TLDs were found in them. Skipping unneeded JARs during scanning can improve startup time and JSP compilation time.
24-Apr-2026 10:35:23.642 INFO [main] org.apache.catalina.startup.HostConfig.deployDirectory Deployment of web application directory [C:\Users\frano\Documents\jakartaee\projekt\apache-tomcat-10.1.52\webapps\docs] has finished in [1,974] ms
24-Apr-2026 10:35:23.644 INFO [main] org.apache.catalina.startup.HostConfig.deployDirectory Deploying web application directory [C:\Users\frano\Documents\jakartaee\projekt\apache-tomcat-10.1.52\webapps\examples]
24-Apr-2026 10:35:25.625 INFO [main] org.apache.jasper.servlet.TldScanner.scanJars At least one JAR was scanned for TLDs yet contained no TLDs. Enable debug logging for this logger for a complete list of JARs that were scanned but no TLDs were found in them. Skipping unneeded JARs during scanning can improve startup time and JSP compilation time.
24-Apr-2026 10:35:25.813 INFO [main] org.apache.catalina.startup.HostConfig.deployDirectory Deployment of web application directory [C:\Users\frano\Documents\jakartaee\projekt\apache-tomcat-10.1.52\webapps\examples] has finished in [2,167] ms
24-Apr-2026 10:35:25.815 INFO [main] org.apache.catalina.startup.HostConfig.deployDirectory Deploying web application directory [C:\Users\frano\Documents\jakartaee\projekt\apache-tomcat-10.1.52\webapps\host-manager]
24-Apr-2026 10:35:26.648 INFO [main] org.apache.jasper.servlet.TldScanner.scanJars At least one JAR was scanned for TLDs yet contained no TLDs. Enable debug logging for this logger for a complete list of JARs that were scanned but no TLDs were found in them. Skipping unneeded JARs during scanning can improve startup time and JSP compilation time.
24-Apr-2026 10:35:26.673 INFO [main] org.apache.catalina.startup.HostConfig.deployDirectory Deployment of web application directory [C:\Users\frano\Documents\jakartaee\projekt\apache-tomcat-10.1.52\webapps\host-manager] has finished in [857] ms
24-Apr-2026 10:35:26.675 INFO [main] org.apache.catalina.startup.HostConfig.deployDirectory Deploying web application directory [C:\Users\frano\Documents\jakartaee\projekt\apache-tomcat-10.1.52\webapps\manager]
24-Apr-2026 10:35:27.461 INFO [main] org.apache.jasper.servlet.TldScanner.scanJars At least one JAR was scanned for TLDs yet contained no TLDs. Enable debug logging for this logger for a complete list of JARs that were scanned but no TLDs were found in them. Skipping unneeded JARs during scanning can improve startup time and JSP compilation time.
24-Apr-2026 10:35:27.473 INFO [main] org.apache.catalina.startup.HostConfig.deployDirectory Deployment of web application directory [C:\Users\frano\Documents\jakartaee\projekt\apache-tomcat-10.1.52\webapps\manager] has finished in [799] ms
24-Apr-2026 10:35:27.475 INFO [main] org.apache.catalina.startup.HostConfig.deployDirectory Deploying web application directory [C:\Users\frano\Documents\jakartaee\projekt\apache-tomcat-10.1.52\webapps\ROOT]
24-Apr-2026 10:35:28.284 INFO [main] org.apache.jasper.servlet.TldScanner.scanJars At least one JAR was scanned for TLDs yet contained no TLDs. Enable debug logging for this logger for a complete list of JARs that were scanned but no TLDs were found in them. Skipping unneeded JARs during scanning can improve startup time and JSP compilation time.
24-Apr-2026 10:35:28.300 INFO [main] org.apache.catalina.startup.HostConfig.deployDirectory Deployment of web application directory [C:\Users\frano\Documents\jakartaee\projekt\apache-tomcat-10.1.52\webapps\ROOT] has finished in [825] ms
24-Apr-2026 10:35:28.313 INFO [main] org.apache.coyote.AbstractProtocol.start Starting ProtocolHandler ["http-nio-8080"]
24-Apr-2026 10:35:28.412 INFO [main] org.apache.catalina.startup.Catalina.start Server startup in [6963] milliseconds
24-Apr-2026 10:40:28.425 INFO [main] org.apache.catalina.startup.VersionLoggerListener.log Server version name:   Apache Tomcat/10.1.52
24-Apr-2026 10:40:28.440 INFO [main] org.apache.catalina.startup.VersionLoggerListener.log Server built:          Jan 23 2026 19:29:07 UTC
24-Apr-2026 10:40:28.442 INFO [main] org.apache.catalina.startup.VersionLoggerListener.log Server version number: 10.1.52.0
24-Apr-2026 10:40:28.443 INFO [main] org.apache.catalina.startup.VersionLoggerListener.log OS Name:               Windows 10
24-Apr-2026 10:40:28.443 INFO [main] org.apache.catalina.startup.VersionLoggerListener.log OS Version:            10.0
24-Apr-2026 10:40:28.444 INFO [main] org.apache.catalina.startup.VersionLoggerListener.log Architecture:          amd64
24-Apr-2026 10:40:28.445 INFO [main] org.apache.catalina.startup.VersionLoggerListener.log Java Home:             C:\Program Files\Java\jdk-17
24-Apr-2026 10:40:28.446 INFO [main] org.apache.catalina.startup.VersionLoggerListener.log JVM Version:           17.0.10+11-LTS-240
24-Apr-2026 10:40:28.447 INFO [main] org.apache.catalina.startup.VersionLoggerListener.log JVM Vendor:            Oracle Corporation
24-Apr-2026 10:40:28.448 INFO [main] org.apache.catalina.startup.VersionLoggerListener.log CATALINA_BASE:         C:\Users\frano\Documents\jakartaee\projekt\apache-tomcat-10.1.52
24-Apr-2026 10:40:28.449 INFO [main] org.apache.catalina.startup.VersionLoggerListener.log CATALINA_HOME:         C:\Users\frano\Documents\jakartaee\projekt\apache-tomcat-10.1.52
24-Apr-2026 10:40:28.468 INFO [main] org.apache.catalina.startup.VersionLoggerListener.log Command line argument: -Djava.util.logging.config.file=C:\Users\frano\Documents\jakartaee\projekt\apache-tomcat-10.1.52\conf\logging.properties
24-Apr-2026 10:40:28.469 INFO [main] org.apache.catalina.startup.VersionLoggerListener.log Command line argument: -Djava.util.logging.manager=org.apache.juli.ClassLoaderLogManager
24-Apr-2026 10:40:28.470 INFO [main] org.apache.catalina.startup.VersionLoggerListener.log Command line argument: -Djdk.tls.ephemeralDHKeySize=2048
24-Apr-2026 10:40:28.470 INFO [main] org.apache.catalina.startup.VersionLoggerListener.log Command line argument: -Djava.protocol.handler.pkgs=org.apache.catalina.webresources
24-Apr-2026 10:40:28.471 INFO [main] org.apache.catalina.startup.VersionLoggerListener.log Command line argument: -Dsun.io.useCanonCaches=false
24-Apr-2026 10:40:28.472 INFO [main] org.apache.catalina.startup.VersionLoggerListener.log Command line argument: --add-opens=java.base/java.lang=ALL-UNNAMED
24-Apr-2026 10:40:28.476 INFO [main] org.apache.catalina.startup.VersionLoggerListener.log Command line argument: --add-opens=java.base/java.lang.reflect=ALL-UNNAMED
24-Apr-2026 10:40:28.482 INFO [main] org.apache.catalina.startup.VersionLoggerListener.log Command line argument: --add-opens=java.base/java.io=ALL-UNNAMED
24-Apr-2026 10:40:28.491 INFO [main] org.apache.catalina.startup.VersionLoggerListener.log Command line argument: --add-opens=java.base/java.util=ALL-UNNAMED
24-Apr-2026 10:40:28.495 INFO [main] org.apache.catalina.startup.VersionLoggerListener.log Command line argument: --add-opens=java.base/java.util.concurrent=ALL-UNNAMED
24-Apr-2026 10:40:28.501 INFO [main] org.apache.catalina.startup.VersionLoggerListener.log Command line argument: --add-opens=java.rmi/sun.rmi.transport=ALL-UNNAMED
24-Apr-2026 10:40:28.505 INFO [main] org.apache.catalina.startup.VersionLoggerListener.log Command line argument: -Dcatalina.base=C:\Users\frano\Documents\jakartaee\projekt\apache-tomcat-10.1.52
24-Apr-2026 10:40:28.510 INFO [main] org.apache.catalina.startup.VersionLoggerListener.log Command line argument: -Dcatalina.home=C:\Users\frano\Documents\jakartaee\projekt\apache-tomcat-10.1.52
24-Apr-2026 10:40:28.517 INFO [main] org.apache.catalina.startup.VersionLoggerListener.log Command line argument: -Djava.io.tmpdir=C:\Users\frano\Documents\jakartaee\projekt\apache-tomcat-10.1.52\temp
24-Apr-2026 10:40:28.526 INFO [main] org.apache.catalina.core.AprLifecycleListener.lifecycleEvent Loaded Apache Tomcat Native library [2.0.12] using APR version [1.7.6].
24-Apr-2026 10:40:28.540 INFO [main] org.apache.catalina.core.AprLifecycleListener.initializeSSL OpenSSL successfully initialized [OpenSSL 3.5.4 30 Sep 2025]
24-Apr-2026 10:40:29.223 INFO [main] org.apache.coyote.AbstractProtocol.init Initializing ProtocolHandler ["http-nio-8080"]
24-Apr-2026 10:40:29.281 INFO [main] org.apache.catalina.startup.Catalina.load Server initialization in [1321] milliseconds
24-Apr-2026 10:40:29.435 INFO [main] org.apache.catalina.core.StandardService.startInternal Starting service [Catalina]
24-Apr-2026 10:40:29.436 INFO [main] org.apache.catalina.core.StandardEngine.startInternal Starting Servlet engine: [Apache Tomcat/10.1.52]
24-Apr-2026 10:40:29.494 INFO [main] org.apache.catalina.startup.HostConfig.deployDirectory Deploying web application directory [C:\Users\frano\Documents\jakartaee\projekt\apache-tomcat-10.1.52\webapps\docs]
24-Apr-2026 10:40:31.108 INFO [main] org.apache.jasper.servlet.TldScanner.scanJars At least one JAR was scanned for TLDs yet contained no TLDs. Enable debug logging for this logger for a complete list of JARs that were scanned but no TLDs were found in them. Skipping unneeded JARs during scanning can improve startup time and JSP compilation time.
24-Apr-2026 10:40:31.308 INFO [main] org.apache.catalina.startup.HostConfig.deployDirectory Deployment of web application directory [C:\Users\frano\Documents\jakartaee\projekt\apache-tomcat-10.1.52\webapps\docs] has finished in [1,814] ms
24-Apr-2026 10:40:31.310 INFO [main] org.apache.catalina.startup.HostConfig.deployDirectory Deploying web application directory [C:\Users\frano\Documents\jakartaee\projekt\apache-tomcat-10.1.52\webapps\examples]
24-Apr-2026 10:40:33.275 INFO [main] org.apache.jasper.servlet.TldScanner.scanJars At least one JAR was scanned for TLDs yet contained no TLDs. Enable debug logging for this logger for a complete list of JARs that were scanned but no TLDs were found in them. Skipping unneeded JARs during scanning can improve startup time and JSP compilation time.
24-Apr-2026 10:40:33.459 INFO [main] org.apache.catalina.startup.HostConfig.deployDirectory Deployment of web application directory [C:\Users\frano\Documents\jakartaee\projekt\apache-tomcat-10.1.52\webapps\examples] has finished in [2,148] ms
24-Apr-2026 10:40:33.461 INFO [main] org.apache.catalina.startup.HostConfig.deployDirectory Deploying web application directory [C:\Users\frano\Documents\jakartaee\projekt\apache-tomcat-10.1.52\webapps\host-manager]
24-Apr-2026 10:40:34.325 INFO [main] org.apache.jasper.servlet.TldScanner.scanJars At least one JAR was scanned for TLDs yet contained no TLDs. Enable debug logging for this logger for a complete list of JARs that were scanned but no TLDs were found in them. Skipping unneeded JARs during scanning can improve startup time and JSP compilation time.
24-Apr-2026 10:40:34.370 INFO [main] org.apache.catalina.startup.HostConfig.deployDirectory Deployment of web application directory [C:\Users\frano\Documents\jakartaee\projekt\apache-tomcat-10.1.52\webapps\host-manager] has finished in [908] ms
24-Apr-2026 10:40:34.373 INFO [main] org.apache.catalina.startup.HostConfig.deployDirectory Deploying web application directory [C:\Users\frano\Documents\jakartaee\projekt\apache-tomcat-10.1.52\webapps\manager]
24-Apr-2026 10:40:35.161 INFO [main] org.apache.jasper.servlet.TldScanner.scanJars At least one JAR was scanned for TLDs yet contained no TLDs. Enable debug logging for this logger for a complete list of JARs that were scanned but no TLDs were found in them. Skipping unneeded JARs during scanning can improve startup time and JSP compilation time.
24-Apr-2026 10:40:35.175 INFO [main] org.apache.catalina.startup.HostConfig.deployDirectory Deployment of web application directory [C:\Users\frano\Documents\jakartaee\projekt\apache-tomcat-10.1.52\webapps\manager] has finished in [801] ms
24-Apr-2026 10:40:35.176 INFO [main] org.apache.catalina.startup.HostConfig.deployDirectory Deploying web application directory [C:\Users\frano\Documents\jakartaee\projekt\apache-tomcat-10.1.52\webapps\ROOT]
24-Apr-2026 10:40:35.994 INFO [main] org.apache.jasper.servlet.TldScanner.scanJars At least one JAR was scanned for TLDs yet contained no TLDs. Enable debug logging for this logger for a complete list of JARs that were scanned but no TLDs were found in them. Skipping unneeded JARs during scanning can improve startup time and JSP compilation time.
24-Apr-2026 10:40:36.014 INFO [main] org.apache.catalina.startup.HostConfig.deployDirectory Deployment of web application directory [C:\Users\frano\Documents\jakartaee\projekt\apache-tomcat-10.1.52\webapps\ROOT] has finished in [838] ms
24-Apr-2026 10:40:36.025 INFO [main] org.apache.coyote.AbstractProtocol.start Starting ProtocolHandler ["http-nio-8080"]
24-Apr-2026 10:40:36.121 INFO [main] org.apache.catalina.startup.Catalina.start Server startup in [6838] milliseconds
24-Apr-2026 10:41:00.564 INFO [main] org.apache.catalina.startup.VersionLoggerListener.log Server version name:   Apache Tomcat/10.1.52
24-Apr-2026 10:41:00.577 INFO [main] org.apache.catalina.startup.VersionLoggerListener.log Server built:          Jan 23 2026 19:29:07 UTC
24-Apr-2026 10:41:00.578 INFO [main] org.apache.catalina.startup.VersionLoggerListener.log Server version number: 10.1.52.0
24-Apr-2026 10:41:00.579 INFO [main] org.apache.catalina.startup.VersionLoggerListener.log OS Name:               Windows 10
24-Apr-2026 10:41:00.580 INFO [main] org.apache.catalina.startup.VersionLoggerListener.log OS Version:            10.0
24-Apr-2026 10:41:00.581 INFO [main] org.apache.catalina.startup.VersionLoggerListener.log Architecture:          amd64
24-Apr-2026 10:41:00.581 INFO [main] org.apache.catalina.startup.VersionLoggerListener.log Java Home:             C:\Program Files\Java\jdk-17
24-Apr-2026 10:41:00.582 INFO [main] org.apache.catalina.startup.VersionLoggerListener.log JVM Version:           17.0.10+11-LTS-240
24-Apr-2026 10:41:00.583 INFO [main] org.apache.catalina.startup.VersionLoggerListener.log JVM Vendor:            Oracle Corporation
24-Apr-2026 10:41:00.584 INFO [main] org.apache.catalina.startup.VersionLoggerListener.log CATALINA_BASE:         C:\Users\frano\Documents\jakartaee\projekt\apache-tomcat-10.1.52
24-Apr-2026 10:41:00.585 INFO [main] org.apache.catalina.startup.VersionLoggerListener.log CATALINA_HOME:         C:\Users\frano\Documents\jakartaee\projekt\apache-tomcat-10.1.52
24-Apr-2026 10:41:00.602 INFO [main] org.apache.catalina.startup.VersionLoggerListener.log Command line argument: -Djava.util.logging.config.file=C:\Users\frano\Documents\jakartaee\projekt\apache-tomcat-10.1.52\conf\logging.properties
24-Apr-2026 10:41:00.605 INFO [main] org.apache.catalina.startup.VersionLoggerListener.log Command line argument: -Djava.util.logging.manager=org.apache.juli.ClassLoaderLogManager
24-Apr-2026 10:41:00.606 INFO [main] org.apache.catalina.startup.VersionLoggerListener.log Command line argument: -Djdk.tls.ephemeralDHKeySize=2048
24-Apr-2026 10:41:00.607 INFO [main] org.apache.catalina.startup.VersionLoggerListener.log Command line argument: -Djava.protocol.handler.pkgs=org.apache.catalina.webresources
24-Apr-2026 10:41:00.608 INFO [main] org.apache.catalina.startup.VersionLoggerListener.log Command line argument: -Dsun.io.useCanonCaches=false
24-Apr-2026 10:41:00.609 INFO [main] org.apache.catalina.startup.VersionLoggerListener.log Command line argument: --add-opens=java.base/java.lang=ALL-UNNAMED
24-Apr-2026 10:41:00.611 INFO [main] org.apache.catalina.startup.VersionLoggerListener.log Command line argument: --add-opens=java.base/java.lang.reflect=ALL-UNNAMED
24-Apr-2026 10:41:00.613 INFO [main] org.apache.catalina.startup.VersionLoggerListener.log Command line argument: --add-opens=java.base/java.io=ALL-UNNAMED
24-Apr-2026 10:41:00.620 INFO [main] org.apache.catalina.startup.VersionLoggerListener.log Command line argument: --add-opens=java.base/java.util=ALL-UNNAMED
24-Apr-2026 10:41:00.622 INFO [main] org.apache.catalina.startup.VersionLoggerListener.log Command line argument: --add-opens=java.base/java.util.concurrent=ALL-UNNAMED
24-Apr-2026 10:41:00.624 INFO [main] org.apache.catalina.startup.VersionLoggerListener.log Command line argument: --add-opens=java.rmi/sun.rmi.transport=ALL-UNNAMED
24-Apr-2026 10:41:00.626 INFO [main] org.apache.catalina.startup.VersionLoggerListener.log Command line argument: -Dcatalina.base=C:\Users\frano\Documents\jakartaee\projekt\apache-tomcat-10.1.52
24-Apr-2026 10:41:00.628 INFO [main] org.apache.catalina.startup.VersionLoggerListener.log Command line argument: -Dcatalina.home=C:\Users\frano\Documents\jakartaee\projekt\apache-tomcat-10.1.52
24-Apr-2026 10:41:00.631 INFO [main] org.apache.catalina.startup.VersionLoggerListener.log Command line argument: -Djava.io.tmpdir=C:\Users\frano\Documents\jakartaee\projekt\apache-tomcat-10.1.52\temp
24-Apr-2026 10:41:00.642 INFO [main] org.apache.catalina.core.AprLifecycleListener.lifecycleEvent Loaded Apache Tomcat Native library [2.0.12] using APR version [1.7.6].
24-Apr-2026 10:41:00.655 INFO [main] org.apache.catalina.core.AprLifecycleListener.initializeSSL OpenSSL successfully initialized [OpenSSL 3.5.4 30 Sep 2025]
24-Apr-2026 10:41:01.240 INFO [main] org.apache.coyote.AbstractProtocol.init Initializing ProtocolHandler ["http-nio-8080"]
24-Apr-2026 10:41:01.304 INFO [main] org.apache.catalina.startup.Catalina.load Server initialization in [1229] milliseconds
24-Apr-2026 10:41:01.454 INFO [main] org.apache.catalina.core.StandardService.startInternal Starting service [Catalina]
24-Apr-2026 10:41:01.455 INFO [main] org.apache.catalina.core.StandardEngine.startInternal Starting Servlet engine: [Apache Tomcat/10.1.52]
24-Apr-2026 10:41:01.506 INFO [main] org.apache.catalina.startup.HostConfig.deployDirectory Deploying web application directory [C:\Users\frano\Documents\jakartaee\projekt\apache-tomcat-10.1.52\webapps\docs]
24-Apr-2026 10:41:03.120 INFO [main] org.apache.jasper.servlet.TldScanner.scanJars At least one JAR was scanned for TLDs yet contained no TLDs. Enable debug logging for this logger for a complete list of JARs that were scanned but no TLDs were found in them. Skipping unneeded JARs during scanning can improve startup time and JSP compilation time.
24-Apr-2026 10:41:03.267 INFO [main] org.apache.catalina.startup.HostConfig.deployDirectory Deployment of web application directory [C:\Users\frano\Documents\jakartaee\projekt\apache-tomcat-10.1.52\webapps\docs] has finished in [1,762] ms
24-Apr-2026 10:41:03.269 INFO [main] org.apache.catalina.startup.HostConfig.deployDirectory Deploying web application directory [C:\Users\frano\Documents\jakartaee\projekt\apache-tomcat-10.1.52\webapps\examples]
24-Apr-2026 10:41:04.870 INFO [main] org.apache.jasper.servlet.TldScanner.scanJars At least one JAR was scanned for TLDs yet contained no TLDs. Enable debug logging for this logger for a complete list of JARs that were scanned but no TLDs were found in them. Skipping unneeded JARs during scanning can improve startup time and JSP compilation time.
24-Apr-2026 10:41:05.064 INFO [main] org.apache.catalina.startup.HostConfig.deployDirectory Deployment of web application directory [C:\Users\frano\Documents\jakartaee\projekt\apache-tomcat-10.1.52\webapps\examples] has finished in [1,796] ms
24-Apr-2026 10:41:05.067 INFO [main] org.apache.catalina.startup.HostConfig.deployDirectory Deploying web application directory [C:\Users\frano\Documents\jakartaee\projekt\apache-tomcat-10.1.52\webapps\host-manager]
24-Apr-2026 10:41:06.119 INFO [main] org.apache.jasper.servlet.TldScanner.scanJars At least one JAR was scanned for TLDs yet contained no TLDs. Enable debug logging for this logger for a complete list of JARs that were scanned but no TLDs were found in them. Skipping unneeded JARs during scanning can improve startup time and JSP compilation time.
24-Apr-2026 10:41:06.142 INFO [main] org.apache.catalina.startup.HostConfig.deployDirectory Deployment of web application directory [C:\Users\frano\Documents\jakartaee\projekt\apache-tomcat-10.1.52\webapps\host-manager] has finished in [1,074] ms
24-Apr-2026 10:41:06.144 INFO [main] org.apache.catalina.startup.HostConfig.deployDirectory Deploying web application directory [C:\Users\frano\Documents\jakartaee\projekt\apache-tomcat-10.1.52\webapps\manager]
24-Apr-2026 10:41:06.866 INFO [main] org.apache.jasper.servlet.TldScanner.scanJars At least one JAR was scanned for TLDs yet contained no TLDs. Enable debug logging for this logger for a complete list of JARs that were scanned but no TLDs were found in them. Skipping unneeded JARs during scanning can improve startup time and JSP compilation time.
24-Apr-2026 10:41:06.878 INFO [main] org.apache.catalina.startup.HostConfig.deployDirectory Deployment of web application directory [C:\Users\frano\Documents\jakartaee\projekt\apache-tomcat-10.1.52\webapps\manager] has finished in [733] ms
24-Apr-2026 10:41:06.879 INFO [main] org.apache.catalina.startup.HostConfig.deployDirectory Deploying web application directory [C:\Users\frano\Documents\jakartaee\projekt\apache-tomcat-10.1.52\webapps\ROOT]
24-Apr-2026 10:41:07.790 INFO [main] org.apache.jasper.servlet.TldScanner.scanJars At least one JAR was scanned for TLDs yet contained no TLDs. Enable debug logging for this logger for a complete list of JARs that were scanned but no TLDs were found in them. Skipping unneeded JARs during scanning can improve startup time and JSP compilation time.
24-Apr-2026 10:41:07.813 INFO [main] org.apache.catalina.startup.HostConfig.deployDirectory Deployment of web application directory [C:\Users\frano\Documents\jakartaee\projekt\apache-tomcat-10.1.52\webapps\ROOT] has finished in [934] ms
24-Apr-2026 10:41:07.827 INFO [main] org.apache.coyote.AbstractProtocol.start Starting ProtocolHandler ["http-nio-8080"]
24-Apr-2026 10:41:07.931 INFO [main] org.apache.catalina.startup.Catalina.start Server startup in [6625] milliseconds
24-Apr-2026 10:42:42.812 INFO [main] org.apache.catalina.startup.VersionLoggerListener.log Server version name:   Apache Tomcat/10.1.52
24-Apr-2026 10:42:42.827 INFO [main] org.apache.catalina.startup.VersionLoggerListener.log Server built:          Jan 23 2026 19:29:07 UTC
24-Apr-2026 10:42:42.828 INFO [main] org.apache.catalina.startup.VersionLoggerListener.log Server version number: 10.1.52.0
24-Apr-2026 10:42:42.831 INFO [main] org.apache.catalina.startup.VersionLoggerListener.log OS Name:               Windows 10
24-Apr-2026 10:42:42.833 INFO [main] org.apache.catalina.startup.VersionLoggerListener.log OS Version:            10.0
24-Apr-2026 10:42:42.834 INFO [main] org.apache.catalina.startup.VersionLoggerListener.log Architecture:          amd64
24-Apr-2026 10:42:42.835 INFO [main] org.apache.catalina.startup.VersionLoggerListener.log Java Home:             C:\Program Files\Java\jdk-17
24-Apr-2026 10:42:42.838 INFO [main] org.apache.catalina.startup.VersionLoggerListener.log JVM Version:           17.0.10+11-LTS-240
24-Apr-2026 10:42:42.839 INFO [main] org.apache.catalina.startup.VersionLoggerListener.log JVM Vendor:            Oracle Corporation
24-Apr-2026 10:42:42.840 INFO [main] org.apache.catalina.startup.VersionLoggerListener.log CATALINA_BASE:         C:\Users\frano\Documents\jakartaee\projekt\apache-tomcat-10.1.52
24-Apr-2026 10:42:42.841 INFO [main] org.apache.catalina.startup.VersionLoggerListener.log CATALINA_HOME:         C:\Users\frano\Documents\jakartaee\projekt\apache-tomcat-10.1.52
24-Apr-2026 10:42:42.860 INFO [main] org.apache.catalina.startup.VersionLoggerListener.log Command line argument: -Djava.util.logging.config.file=C:\Users\frano\Documents\jakartaee\projekt\apache-tomcat-10.1.52\conf\logging.properties
24-Apr-2026 10:42:42.861 INFO [main] org.apache.catalina.startup.VersionLoggerListener.log Command line argument: -Djava.util.logging.manager=org.apache.juli.ClassLoaderLogManager
24-Apr-2026 10:42:42.863 INFO [main] org.apache.catalina.startup.VersionLoggerListener.log Command line argument: -Djdk.tls.ephemeralDHKeySize=2048
24-Apr-2026 10:42:42.864 INFO [main] org.apache.catalina.startup.VersionLoggerListener.log Command line argument: -Djava.protocol.handler.pkgs=org.apache.catalina.webresources
24-Apr-2026 10:42:42.865 INFO [main] org.apache.catalina.startup.VersionLoggerListener.log Command line argument: -Dsun.io.useCanonCaches=false
24-Apr-2026 10:42:42.867 INFO [main] org.apache.catalina.startup.VersionLoggerListener.log Command line argument: --add-opens=java.base/java.lang=ALL-UNNAMED
24-Apr-2026 10:42:42.868 INFO [main] org.apache.catalina.startup.VersionLoggerListener.log Command line argument: --add-opens=java.base/java.lang.reflect=ALL-UNNAMED
24-Apr-2026 10:42:42.870 INFO [main] org.apache.catalina.startup.VersionLoggerListener.log Command line argument: --add-opens=java.base/java.io=ALL-UNNAMED
24-Apr-2026 10:42:42.872 INFO [main] org.apache.catalina.startup.VersionLoggerListener.log Command line argument: --add-opens=java.base/java.util=ALL-UNNAMED
24-Apr-2026 10:42:42.874 INFO [main] org.apache.catalina.startup.VersionLoggerListener.log Command line argument: --add-opens=java.base/java.util.concurrent=ALL-UNNAMED
24-Apr-2026 10:42:42.876 INFO [main] org.apache.catalina.startup.VersionLoggerListener.log Command line argument: --add-opens=java.rmi/sun.rmi.transport=ALL-UNNAMED
24-Apr-2026 10:42:42.878 INFO [main] org.apache.catalina.startup.VersionLoggerListener.log Command line argument: -Dcatalina.base=C:\Users\frano\Documents\jakartaee\projekt\apache-tomcat-10.1.52
24-Apr-2026 10:42:42.885 INFO [main] org.apache.catalina.startup.VersionLoggerListener.log Command line argument: -Dcatalina.home=C:\Users\frano\Documents\jakartaee\projekt\apache-tomcat-10.1.52
24-Apr-2026 10:42:42.886 INFO [main] org.apache.catalina.startup.VersionLoggerListener.log Command line argument: -Djava.io.tmpdir=C:\Users\frano\Documents\jakartaee\projekt\apache-tomcat-10.1.52\temp
24-Apr-2026 10:42:42.894 INFO [main] org.apache.catalina.core.AprLifecycleListener.lifecycleEvent Loaded Apache Tomcat Native library [2.0.12] using APR version [1.7.6].
24-Apr-2026 10:42:42.910 INFO [main] org.apache.catalina.core.AprLifecycleListener.initializeSSL OpenSSL successfully initialized [OpenSSL 3.5.4 30 Sep 2025]
24-Apr-2026 10:42:43.488 INFO [main] org.apache.coyote.AbstractProtocol.init Initializing ProtocolHandler ["http-nio-8080"]
24-Apr-2026 10:42:43.562 INFO [main] org.apache.catalina.startup.Catalina.load Server initialization in [1199] milliseconds
24-Apr-2026 10:42:43.680 INFO [main] org.apache.catalina.core.StandardService.startInternal Starting service [Catalina]
24-Apr-2026 10:42:43.681 INFO [main] org.apache.catalina.core.StandardEngine.startInternal Starting Servlet engine: [Apache Tomcat/10.1.52]
24-Apr-2026 10:42:43.715 INFO [main] org.apache.catalina.startup.HostConfig.deployDirectory Deploying web application directory [C:\Users\frano\Documents\jakartaee\projekt\apache-tomcat-10.1.52\webapps\docs]
24-Apr-2026 10:42:45.443 INFO [main] org.apache.jasper.servlet.TldScanner.scanJars At least one JAR was scanned for TLDs yet contained no TLDs. Enable debug logging for this logger for a complete list of JARs that were scanned but no TLDs were found in them. Skipping unneeded JARs during scanning can improve startup time and JSP compilation time.
24-Apr-2026 10:42:45.662 INFO [main] org.apache.catalina.startup.HostConfig.deployDirectory Deployment of web application directory [C:\Users\frano\Documents\jakartaee\projekt\apache-tomcat-10.1.52\webapps\docs] has finished in [1,946] ms
24-Apr-2026 10:42:45.663 INFO [main] org.apache.catalina.startup.HostConfig.deployDirectory Deploying web application directory [C:\Users\frano\Documents\jakartaee\projekt\apache-tomcat-10.1.52\webapps\examples]
24-Apr-2026 10:42:47.370 INFO [main] org.apache.jasper.servlet.TldScanner.scanJars At least one JAR was scanned for TLDs yet contained no TLDs. Enable debug logging for this logger for a complete list of JARs that were scanned but no TLDs were found in them. Skipping unneeded JARs during scanning can improve startup time and JSP compilation time.
24-Apr-2026 10:42:47.554 INFO [main] org.apache.catalina.startup.HostConfig.deployDirectory Deployment of web application directory [C:\Users\frano\Documents\jakartaee\projekt\apache-tomcat-10.1.52\webapps\examples] has finished in [1,891] ms
24-Apr-2026 10:42:47.556 INFO [main] org.apache.catalina.startup.HostConfig.deployDirectory Deploying web application directory [C:\Users\frano\Documents\jakartaee\projekt\apache-tomcat-10.1.52\webapps\host-manager]
24-Apr-2026 10:42:48.400 INFO [main] org.apache.jasper.servlet.TldScanner.scanJars At least one JAR was scanned for TLDs yet contained no TLDs. Enable debug logging for this logger for a complete list of JARs that were scanned but no TLDs were found in them. Skipping unneeded JARs during scanning can improve startup time and JSP compilation time.
24-Apr-2026 10:42:48.431 INFO [main] org.apache.catalina.startup.HostConfig.deployDirectory Deployment of web application directory [C:\Users\frano\Documents\jakartaee\projekt\apache-tomcat-10.1.52\webapps\host-manager] has finished in [875] ms
24-Apr-2026 10:42:48.434 INFO [main] org.apache.catalina.startup.HostConfig.deployDirectory Deploying web application directory [C:\Users\frano\Documents\jakartaee\projekt\apache-tomcat-10.1.52\webapps\manager]
24-Apr-2026 10:42:49.366 INFO [main] org.apache.jasper.servlet.TldScanner.scanJars At least one JAR was scanned for TLDs yet contained no TLDs. Enable debug logging for this logger for a complete list of JARs that were scanned but no TLDs were found in them. Skipping unneeded JARs during scanning can improve startup time and JSP compilation time.
24-Apr-2026 10:42:49.380 INFO [main] org.apache.catalina.startup.HostConfig.deployDirectory Deployment of web application directory [C:\Users\frano\Documents\jakartaee\projekt\apache-tomcat-10.1.52\webapps\manager] has finished in [947] ms
24-Apr-2026 10:42:49.382 INFO [main] org.apache.catalina.startup.HostConfig.deployDirectory Deploying web application directory [C:\Users\frano\Documents\jakartaee\projekt\apache-tomcat-10.1.52\webapps\ROOT]
24-Apr-2026 10:42:50.237 INFO [main] org.apache.jasper.servlet.TldScanner.scanJars At least one JAR was scanned for TLDs yet contained no TLDs. Enable debug logging for this logger for a complete list of JARs that were scanned but no TLDs were found in them. Skipping unneeded JARs during scanning can improve startup time and JSP compilation time.
24-Apr-2026 10:42:50.256 INFO [main] org.apache.catalina.startup.HostConfig.deployDirectory Deployment of web application directory [C:\Users\frano\Documents\jakartaee\projekt\apache-tomcat-10.1.52\webapps\ROOT] has finished in [874] ms
24-Apr-2026 10:42:50.267 INFO [main] org.apache.coyote.AbstractProtocol.start Starting ProtocolHandler ["http-nio-8080"]
24-Apr-2026 10:42:50.363 INFO [main] org.apache.catalina.startup.Catalina.start Server startup in [6799] milliseconds
24-Apr-2026 10:45:32.425 INFO [main] org.apache.catalina.startup.VersionLoggerListener.log Server version name:   Apache Tomcat/10.1.52
24-Apr-2026 10:45:32.451 INFO [main] org.apache.catalina.startup.VersionLoggerListener.log Server built:          Jan 23 2026 19:29:07 UTC
24-Apr-2026 10:45:32.453 INFO [main] org.apache.catalina.startup.VersionLoggerListener.log Server version number: 10.1.52.0
24-Apr-2026 10:45:32.454 INFO [main] org.apache.catalina.startup.VersionLoggerListener.log OS Name:               Windows 10
24-Apr-2026 10:45:32.455 INFO [main] org.apache.catalina.startup.VersionLoggerListener.log OS Version:            10.0
24-Apr-2026 10:45:32.455 INFO [main] org.apache.catalina.startup.VersionLoggerListener.log Architecture:          amd64
24-Apr-2026 10:45:32.456 INFO [main] org.apache.catalina.startup.VersionLoggerListener.log Java Home:             C:\Program Files\Java\jdk-17
24-Apr-2026 10:45:32.457 INFO [main] org.apache.catalina.startup.VersionLoggerListener.log JVM Version:           17.0.10+11-LTS-240
24-Apr-2026 10:45:32.459 INFO [main] org.apache.catalina.startup.VersionLoggerListener.log JVM Vendor:            Oracle Corporation
24-Apr-2026 10:45:32.460 INFO [main] org.apache.catalina.startup.VersionLoggerListener.log CATALINA_BASE:         C:\Users\frano\Documents\jakartaee\projekt\apache-tomcat-10.1.52
24-Apr-2026 10:45:32.461 INFO [main] org.apache.catalina.startup.VersionLoggerListener.log CATALINA_HOME:         C:\Users\frano\Documents\jakartaee\projekt\apache-tomcat-10.1.52
24-Apr-2026 10:45:32.481 INFO [main] org.apache.catalina.startup.VersionLoggerListener.log Command line argument: -Djava.util.logging.config.file=C:\Users\frano\Documents\jakartaee\projekt\apache-tomcat-10.1.52\conf\logging.properties
24-Apr-2026 10:45:32.482 INFO [main] org.apache.catalina.startup.VersionLoggerListener.log Command line argument: -Djava.util.logging.manager=org.apache.juli.ClassLoaderLogManager
24-Apr-2026 10:45:32.483 INFO [main] org.apache.catalina.startup.VersionLoggerListener.log Command line argument: -Djdk.tls.ephemeralDHKeySize=2048
24-Apr-2026 10:45:32.483 INFO [main] org.apache.catalina.startup.VersionLoggerListener.log Command line argument: -Djava.protocol.handler.pkgs=org.apache.catalina.webresources
24-Apr-2026 10:45:32.484 INFO [main] org.apache.catalina.startup.VersionLoggerListener.log Command line argument: -Dsun.io.useCanonCaches=false
24-Apr-2026 10:45:32.485 INFO [main] org.apache.catalina.startup.VersionLoggerListener.log Command line argument: --add-opens=java.base/java.lang=ALL-UNNAMED
24-Apr-2026 10:45:32.487 INFO [main] org.apache.catalina.startup.VersionLoggerListener.log Command line argument: --add-opens=java.base/java.lang.reflect=ALL-UNNAMED
24-Apr-2026 10:45:32.492 INFO [main] org.apache.catalina.startup.VersionLoggerListener.log Command line argument: --add-opens=java.base/java.io=ALL-UNNAMED
24-Apr-2026 10:45:32.494 INFO [main] org.apache.catalina.startup.VersionLoggerListener.log Command line argument: --add-opens=java.base/java.util=ALL-UNNAMED
24-Apr-2026 10:45:32.496 INFO [main] org.apache.catalina.startup.VersionLoggerListener.log Command line argument: --add-opens=java.base/java.util.concurrent=ALL-UNNAMED
24-Apr-2026 10:45:32.498 INFO [main] org.apache.catalina.startup.VersionLoggerListener.log Command line argument: --add-opens=java.rmi/sun.rmi.transport=ALL-UNNAMED
24-Apr-2026 10:45:32.499 INFO [main] org.apache.catalina.startup.VersionLoggerListener.log Command line argument: -Dcatalina.base=C:\Users\frano\Documents\jakartaee\projekt\apache-tomcat-10.1.52
24-Apr-2026 10:45:32.501 INFO [main] org.apache.catalina.startup.VersionLoggerListener.log Command line argument: -Dcatalina.home=C:\Users\frano\Documents\jakartaee\projekt\apache-tomcat-10.1.52
24-Apr-2026 10:45:32.502 INFO [main] org.apache.catalina.startup.VersionLoggerListener.log Command line argument: -Djava.io.tmpdir=C:\Users\frano\Documents\jakartaee\projekt\apache-tomcat-10.1.52\temp
24-Apr-2026 10:45:32.510 INFO [main] org.apache.catalina.core.AprLifecycleListener.lifecycleEvent Loaded Apache Tomcat Native library [2.0.12] using APR version [1.7.6].
24-Apr-2026 10:45:32.523 INFO [main] org.apache.catalina.core.AprLifecycleListener.initializeSSL OpenSSL successfully initialized [OpenSSL 3.5.4 30 Sep 2025]
24-Apr-2026 10:45:33.112 INFO [main] org.apache.coyote.AbstractProtocol.init Initializing ProtocolHandler ["http-nio-8080"]
24-Apr-2026 10:45:33.184 INFO [main] org.apache.catalina.startup.Catalina.load Server initialization in [1228] milliseconds
24-Apr-2026 10:45:33.307 INFO [main] org.apache.catalina.core.StandardService.startInternal Starting service [Catalina]
24-Apr-2026 10:45:33.309 INFO [main] org.apache.catalina.core.StandardEngine.startInternal Starting Servlet engine: [Apache Tomcat/10.1.52]
24-Apr-2026 10:45:33.351 INFO [main] org.apache.catalina.startup.HostConfig.deployDirectory Deploying web application directory [C:\Users\frano\Documents\jakartaee\projekt\apache-tomcat-10.1.52\webapps\docs]
24-Apr-2026 10:45:34.924 INFO [main] org.apache.jasper.servlet.TldScanner.scanJars At least one JAR was scanned for TLDs yet contained no TLDs. Enable debug logging for this logger for a complete list of JARs that were scanned but no TLDs were found in them. Skipping unneeded JARs during scanning can improve startup time and JSP compilation time.
24-Apr-2026 10:45:35.105 INFO [main] org.apache.catalina.startup.HostConfig.deployDirectory Deployment of web application directory [C:\Users\frano\Documents\jakartaee\projekt\apache-tomcat-10.1.52\webapps\docs] has finished in [1,753] ms
24-Apr-2026 10:45:35.107 INFO [main] org.apache.catalina.startup.HostConfig.deployDirectory Deploying web application directory [C:\Users\frano\Documents\jakartaee\projekt\apache-tomcat-10.1.52\webapps\examples]
24-Apr-2026 10:45:36.920 INFO [main] org.apache.jasper.servlet.TldScanner.scanJars At least one JAR was scanned for TLDs yet contained no TLDs. Enable debug logging for this logger for a complete list of JARs that were scanned but no TLDs were found in them. Skipping unneeded JARs during scanning can improve startup time and JSP compilation time.
24-Apr-2026 10:45:37.090 INFO [main] org.apache.catalina.startup.HostConfig.deployDirectory Deployment of web application directory [C:\Users\frano\Documents\jakartaee\projekt\apache-tomcat-10.1.52\webapps\examples] has finished in [1,982] ms
24-Apr-2026 10:45:37.092 INFO [main] org.apache.catalina.startup.HostConfig.deployDirectory Deploying web application directory [C:\Users\frano\Documents\jakartaee\projekt\apache-tomcat-10.1.52\webapps\host-manager]
24-Apr-2026 10:45:37.911 INFO [main] org.apache.jasper.servlet.TldScanner.scanJars At least one JAR was scanned for TLDs yet contained no TLDs. Enable debug logging for this logger for a complete list of JARs that were scanned but no TLDs were found in them. Skipping unneeded JARs during scanning can improve startup time and JSP compilation time.
24-Apr-2026 10:45:37.936 INFO [main] org.apache.catalina.startup.HostConfig.deployDirectory Deployment of web application directory [C:\Users\frano\Documents\jakartaee\projekt\apache-tomcat-10.1.52\webapps\host-manager] has finished in [845] ms
24-Apr-2026 10:45:37.940 INFO [main] org.apache.catalina.startup.HostConfig.deployDirectory Deploying web application directory [C:\Users\frano\Documents\jakartaee\projekt\apache-tomcat-10.1.52\webapps\manager]
24-Apr-2026 10:45:38.806 INFO [main] org.apache.jasper.servlet.TldScanner.scanJars At least one JAR was scanned for TLDs yet contained no TLDs. Enable debug logging for this logger for a complete list of JARs that were scanned but no TLDs were found in them. Skipping unneeded JARs during scanning can improve startup time and JSP compilation time.
24-Apr-2026 10:45:38.819 INFO [main] org.apache.catalina.startup.HostConfig.deployDirectory Deployment of web application directory [C:\Users\frano\Documents\jakartaee\projekt\apache-tomcat-10.1.52\webapps\manager] has finished in [879] ms
24-Apr-2026 10:45:38.821 INFO [main] org.apache.catalina.startup.HostConfig.deployDirectory Deploying web application directory [C:\Users\frano\Documents\jakartaee\projekt\apache-tomcat-10.1.52\webapps\ROOT]
24-Apr-2026 10:45:39.698 INFO [main] org.apache.jasper.servlet.TldScanner.scanJars At least one JAR was scanned for TLDs yet contained no TLDs. Enable debug logging for this logger for a complete list of JARs that were scanned but no TLDs were found in them. Skipping unneeded JARs during scanning can improve startup time and JSP compilation time.
24-Apr-2026 10:45:39.717 INFO [main] org.apache.catalina.startup.HostConfig.deployDirectory Deployment of web application directory [C:\Users\frano\Documents\jakartaee\projekt\apache-tomcat-10.1.52\webapps\ROOT] has finished in [896] ms
24-Apr-2026 10:45:39.728 INFO [main] org.apache.coyote.AbstractProtocol.start Starting ProtocolHandler ["http-nio-8080"]
24-Apr-2026 10:45:39.820 INFO [main] org.apache.catalina.startup.Catalina.start Server startup in [6634] milliseconds
24-Apr-2026 10:46:20.349 INFO [main] org.apache.catalina.startup.VersionLoggerListener.log Server version name:   Apache Tomcat/10.1.52
24-Apr-2026 10:46:20.365 INFO [main] org.apache.catalina.startup.VersionLoggerListener.log Server built:          Jan 23 2026 19:29:07 UTC
24-Apr-2026 10:46:20.367 INFO [main] org.apache.catalina.startup.VersionLoggerListener.log Server version number: 10.1.52.0
24-Apr-2026 10:46:20.367 INFO [main] org.apache.catalina.startup.VersionLoggerListener.log OS Name:               Windows 10
24-Apr-2026 10:46:20.368 INFO [main] org.apache.catalina.startup.VersionLoggerListener.log OS Version:            10.0
24-Apr-2026 10:46:20.369 INFO [main] org.apache.catalina.startup.VersionLoggerListener.log Architecture:          amd64
24-Apr-2026 10:46:20.369 INFO [main] org.apache.catalina.startup.VersionLoggerListener.log Java Home:             C:\Program Files\Java\jdk-17
24-Apr-2026 10:46:20.370 INFO [main] org.apache.catalina.startup.VersionLoggerListener.log JVM Version:           17.0.10+11-LTS-240
24-Apr-2026 10:46:20.371 INFO [main] org.apache.catalina.startup.VersionLoggerListener.log JVM Vendor:            Oracle Corporation
24-Apr-2026 10:46:20.372 INFO [main] org.apache.catalina.startup.VersionLoggerListener.log CATALINA_BASE:         C:\Users\frano\Documents\jakartaee\projekt\apache-tomcat-10.1.52
24-Apr-2026 10:46:20.372 INFO [main] org.apache.catalina.startup.VersionLoggerListener.log CATALINA_HOME:         C:\Users\frano\Documents\jakartaee\projekt\apache-tomcat-10.1.52
24-Apr-2026 10:46:20.391 INFO [main] org.apache.catalina.startup.VersionLoggerListener.log Command line argument: -Djava.util.logging.config.file=C:\Users\frano\Documents\jakartaee\projekt\apache-tomcat-10.1.52\conf\logging.properties
24-Apr-2026 10:46:20.392 INFO [main] org.apache.catalina.startup.VersionLoggerListener.log Command line argument: -Djava.util.logging.manager=org.apache.juli.ClassLoaderLogManager
24-Apr-2026 10:46:20.393 INFO [main] org.apache.catalina.startup.VersionLoggerListener.log Command line argument: -Djdk.tls.ephemeralDHKeySize=2048
24-Apr-2026 10:46:20.394 INFO [main] org.apache.catalina.startup.VersionLoggerListener.log Command line argument: -Djava.protocol.handler.pkgs=org.apache.catalina.webresources
24-Apr-2026 10:46:20.396 INFO [main] org.apache.catalina.startup.VersionLoggerListener.log Command line argument: -Dsun.io.useCanonCaches=false
24-Apr-2026 10:46:20.397 INFO [main] org.apache.catalina.startup.VersionLoggerListener.log Command line argument: --add-opens=java.base/java.lang=ALL-UNNAMED
24-Apr-2026 10:46:20.399 INFO [main] org.apache.catalina.startup.VersionLoggerListener.log Command line argument: --add-opens=java.base/java.lang.reflect=ALL-UNNAMED
24-Apr-2026 10:46:20.400 INFO [main] org.apache.catalina.startup.VersionLoggerListener.log Command line argument: --add-opens=java.base/java.io=ALL-UNNAMED
24-Apr-2026 10:46:20.402 INFO [main] org.apache.catalina.startup.VersionLoggerListener.log Command line argument: --add-opens=java.base/java.util=ALL-UNNAMED
24-Apr-2026 10:46:20.408 INFO [main] org.apache.catalina.startup.VersionLoggerListener.log Command line argument: --add-opens=java.base/java.util.concurrent=ALL-UNNAMED
24-Apr-2026 10:46:20.414 INFO [main] org.apache.catalina.startup.VersionLoggerListener.log Command line argument: --add-opens=java.rmi/sun.rmi.transport=ALL-UNNAMED
24-Apr-2026 10:46:20.416 INFO [main] org.apache.catalina.startup.VersionLoggerListener.log Command line argument: -Dcatalina.base=C:\Users\frano\Documents\jakartaee\projekt\apache-tomcat-10.1.52
24-Apr-2026 10:46:20.420 INFO [main] org.apache.catalina.startup.VersionLoggerListener.log Command line argument: -Dcatalina.home=C:\Users\frano\Documents\jakartaee\projekt\apache-tomcat-10.1.52
24-Apr-2026 10:46:20.425 INFO [main] org.apache.catalina.startup.VersionLoggerListener.log Command line argument: -Djava.io.tmpdir=C:\Users\frano\Documents\jakartaee\projekt\apache-tomcat-10.1.52\temp
24-Apr-2026 10:46:20.432 INFO [main] org.apache.catalina.core.AprLifecycleListener.lifecycleEvent Loaded Apache Tomcat Native library [2.0.12] using APR version [1.7.6].
24-Apr-2026 10:46:20.444 INFO [main] org.apache.catalina.core.AprLifecycleListener.initializeSSL OpenSSL successfully initialized [OpenSSL 3.5.4 30 Sep 2025]
24-Apr-2026 10:46:21.076 INFO [main] org.apache.coyote.AbstractProtocol.init Initializing ProtocolHandler ["http-nio-8080"]
24-Apr-2026 10:46:21.142 INFO [main] org.apache.catalina.startup.Catalina.load Server initialization in [1233] milliseconds
24-Apr-2026 10:46:21.291 INFO [main] org.apache.catalina.core.StandardService.startInternal Starting service [Catalina]
24-Apr-2026 10:46:21.293 INFO [main] org.apache.catalina.core.StandardEngine.startInternal Starting Servlet engine: [Apache Tomcat/10.1.52]
24-Apr-2026 10:46:21.327 INFO [main] org.apache.catalina.startup.HostConfig.deployDirectory Deploying web application directory [C:\Users\frano\Documents\jakartaee\projekt\apache-tomcat-10.1.52\webapps\docs]
24-Apr-2026 10:46:23.070 INFO [main] org.apache.jasper.servlet.TldScanner.scanJars At least one JAR was scanned for TLDs yet contained no TLDs. Enable debug logging for this logger for a complete list of JARs that were scanned but no TLDs were found in them. Skipping unneeded JARs during scanning can improve startup time and JSP compilation time.
24-Apr-2026 10:46:23.269 INFO [main] org.apache.catalina.startup.HostConfig.deployDirectory Deployment of web application directory [C:\Users\frano\Documents\jakartaee\projekt\apache-tomcat-10.1.52\webapps\docs] has finished in [1,942] ms
24-Apr-2026 10:46:23.271 INFO [main] org.apache.catalina.startup.HostConfig.deployDirectory Deploying web application directory [C:\Users\frano\Documents\jakartaee\projekt\apache-tomcat-10.1.52\webapps\examples]
24-Apr-2026 10:46:25.140 INFO [main] org.apache.jasper.servlet.TldScanner.scanJars At least one JAR was scanned for TLDs yet contained no TLDs. Enable debug logging for this logger for a complete list of JARs that were scanned but no TLDs were found in them. Skipping unneeded JARs during scanning can improve startup time and JSP compilation time.
24-Apr-2026 10:46:25.342 INFO [main] org.apache.catalina.startup.HostConfig.deployDirectory Deployment of web application directory [C:\Users\frano\Documents\jakartaee\projekt\apache-tomcat-10.1.52\webapps\examples] has finished in [2,070] ms
24-Apr-2026 10:46:25.345 INFO [main] org.apache.catalina.startup.HostConfig.deployDirectory Deploying web application directory [C:\Users\frano\Documents\jakartaee\projekt\apache-tomcat-10.1.52\webapps\host-manager]
24-Apr-2026 10:46:25.938 INFO [main] org.apache.jasper.servlet.TldScanner.scanJars At least one JAR was scanned for TLDs yet contained no TLDs. Enable debug logging for this logger for a complete list of JARs that were scanned but no TLDs were found in them. Skipping unneeded JARs during scanning can improve startup time and JSP compilation time.
24-Apr-2026 10:46:25.969 INFO [main] org.apache.catalina.startup.HostConfig.deployDirectory Deployment of web application directory [C:\Users\frano\Documents\jakartaee\projekt\apache-tomcat-10.1.52\webapps\host-manager] has finished in [624] ms
24-Apr-2026 10:46:25.972 INFO [main] org.apache.catalina.startup.HostConfig.deployDirectory Deploying web application directory [C:\Users\frano\Documents\jakartaee\projekt\apache-tomcat-10.1.52\webapps\manager]
24-Apr-2026 10:46:26.802 INFO [main] org.apache.jasper.servlet.TldScanner.scanJars At least one JAR was scanned for TLDs yet contained no TLDs. Enable debug logging for this logger for a complete list of JARs that were scanned but no TLDs were found in them. Skipping unneeded JARs during scanning can improve startup time and JSP compilation time.
24-Apr-2026 10:46:26.814 INFO [main] org.apache.catalina.startup.HostConfig.deployDirectory Deployment of web application directory [C:\Users\frano\Documents\jakartaee\projekt\apache-tomcat-10.1.52\webapps\manager] has finished in [841] ms
24-Apr-2026 10:46:26.815 INFO [main] org.apache.catalina.startup.HostConfig.deployDirectory Deploying web application directory [C:\Users\frano\Documents\jakartaee\projekt\apache-tomcat-10.1.52\webapps\ROOT]
24-Apr-2026 10:46:27.639 INFO [main] org.apache.jasper.servlet.TldScanner.scanJars At least one JAR was scanned for TLDs yet contained no TLDs. Enable debug logging for this logger for a complete list of JARs that were scanned but no TLDs were found in them. Skipping unneeded JARs during scanning can improve startup time and JSP compilation time.
24-Apr-2026 10:46:27.660 INFO [main] org.apache.catalina.startup.HostConfig.deployDirectory Deployment of web application directory [C:\Users\frano\Documents\jakartaee\projekt\apache-tomcat-10.1.52\webapps\ROOT] has finished in [844] ms
24-Apr-2026 10:46:27.673 INFO [main] org.apache.coyote.AbstractProtocol.start Starting ProtocolHandler ["http-nio-8080"]
24-Apr-2026 10:46:27.792 INFO [main] org.apache.catalina.startup.Catalina.start Server startup in [6647] milliseconds
24-Apr-2026 10:47:43.970 INFO [main] org.apache.catalina.startup.VersionLoggerListener.log Server version name:   Apache Tomcat/10.1.52
24-Apr-2026 10:47:43.986 INFO [main] org.apache.catalina.startup.VersionLoggerListener.log Server built:          Jan 23 2026 19:29:07 UTC
24-Apr-2026 10:47:43.987 INFO [main] org.apache.catalina.startup.VersionLoggerListener.log Server version number: 10.1.52.0
24-Apr-2026 10:47:43.988 INFO [main] org.apache.catalina.startup.VersionLoggerListener.log OS Name:               Windows 10
24-Apr-2026 10:47:43.989 INFO [main] org.apache.catalina.startup.VersionLoggerListener.log OS Version:            10.0
24-Apr-2026 10:47:43.989 INFO [main] org.apache.catalina.startup.VersionLoggerListener.log Architecture:          amd64
24-Apr-2026 10:47:43.990 INFO [main] org.apache.catalina.startup.VersionLoggerListener.log Java Home:             C:\Program Files\Java\jdk-17
24-Apr-2026 10:47:43.991 INFO [main] org.apache.catalina.startup.VersionLoggerListener.log JVM Version:           17.0.10+11-LTS-240
24-Apr-2026 10:47:43.992 INFO [main] org.apache.catalina.startup.VersionLoggerListener.log JVM Vendor:            Oracle Corporation
24-Apr-2026 10:47:43.992 INFO [main] org.apache.catalina.startup.VersionLoggerListener.log CATALINA_BASE:         C:\Users\frano\Documents\jakartaee\projekt\apache-tomcat-10.1.52
24-Apr-2026 10:47:43.993 INFO [main] org.apache.catalina.startup.VersionLoggerListener.log CATALINA_HOME:         C:\Users\frano\Documents\jakartaee\projekt\apache-tomcat-10.1.52
24-Apr-2026 10:47:44.012 INFO [main] org.apache.catalina.startup.VersionLoggerListener.log Command line argument: -Djava.util.logging.config.file=C:\Users\frano\Documents\jakartaee\projekt\apache-tomcat-10.1.52\conf\logging.properties
24-Apr-2026 10:47:44.014 INFO [main] org.apache.catalina.startup.VersionLoggerListener.log Command line argument: -Djava.util.logging.manager=org.apache.juli.ClassLoaderLogManager
24-Apr-2026 10:47:44.014 INFO [main] org.apache.catalina.startup.VersionLoggerListener.log Command line argument: -Djdk.tls.ephemeralDHKeySize=2048
24-Apr-2026 10:47:44.015 INFO [main] org.apache.catalina.startup.VersionLoggerListener.log Command line argument: -Djava.protocol.handler.pkgs=org.apache.catalina.webresources
24-Apr-2026 10:47:44.016 INFO [main] org.apache.catalina.startup.VersionLoggerListener.log Command line argument: -Dsun.io.useCanonCaches=false
24-Apr-2026 10:47:44.017 INFO [main] org.apache.catalina.startup.VersionLoggerListener.log Command line argument: --add-opens=java.base/java.lang=ALL-UNNAMED
24-Apr-2026 10:47:44.021 INFO [main] org.apache.catalina.startup.VersionLoggerListener.log Command line argument: --add-opens=java.base/java.lang.reflect=ALL-UNNAMED
24-Apr-2026 10:47:44.026 INFO [main] org.apache.catalina.startup.VersionLoggerListener.log Command line argument: --add-opens=java.base/java.io=ALL-UNNAMED
24-Apr-2026 10:47:44.027 INFO [main] org.apache.catalina.startup.VersionLoggerListener.log Command line argument: --add-opens=java.base/java.util=ALL-UNNAMED
24-Apr-2026 10:47:44.028 INFO [main] org.apache.catalina.startup.VersionLoggerListener.log Command line argument: --add-opens=java.base/java.util.concurrent=ALL-UNNAMED
24-Apr-2026 10:47:44.030 INFO [main] org.apache.catalina.startup.VersionLoggerListener.log Command line argument: --add-opens=java.rmi/sun.rmi.transport=ALL-UNNAMED
24-Apr-2026 10:47:44.032 INFO [main] org.apache.catalina.startup.VersionLoggerListener.log Command line argument: -Dcatalina.base=C:\Users\frano\Documents\jakartaee\projekt\apache-tomcat-10.1.52
24-Apr-2026 10:47:44.034 INFO [main] org.apache.catalina.startup.VersionLoggerListener.log Command line argument: -Dcatalina.home=C:\Users\frano\Documents\jakartaee\projekt\apache-tomcat-10.1.52
24-Apr-2026 10:47:44.037 INFO [main] org.apache.catalina.startup.VersionLoggerListener.log Command line argument: -Djava.io.tmpdir=C:\Users\frano\Documents\jakartaee\projekt\apache-tomcat-10.1.52\temp
24-Apr-2026 10:47:44.048 INFO [main] org.apache.catalina.core.AprLifecycleListener.lifecycleEvent Loaded Apache Tomcat Native library [2.0.12] using APR version [1.7.6].
24-Apr-2026 10:47:44.063 INFO [main] org.apache.catalina.core.AprLifecycleListener.initializeSSL OpenSSL successfully initialized [OpenSSL 3.5.4 30 Sep 2025]
24-Apr-2026 10:47:44.685 INFO [main] org.apache.coyote.AbstractProtocol.init Initializing ProtocolHandler ["http-nio-8080"]
24-Apr-2026 10:47:44.796 INFO [main] org.apache.catalina.startup.Catalina.load Server initialization in [1267] milliseconds
24-Apr-2026 10:47:44.943 INFO [main] org.apache.catalina.core.StandardService.startInternal Starting service [Catalina]
24-Apr-2026 10:47:44.945 INFO [main] org.apache.catalina.core.StandardEngine.startInternal Starting Servlet engine: [Apache Tomcat/10.1.52]
24-Apr-2026 10:47:44.983 INFO [main] org.apache.catalina.startup.HostConfig.deployDirectory Deploying web application directory [C:\Users\frano\Documents\jakartaee\projekt\apache-tomcat-10.1.52\webapps\docs]
24-Apr-2026 10:47:46.604 INFO [main] org.apache.jasper.servlet.TldScanner.scanJars At least one JAR was scanned for TLDs yet contained no TLDs. Enable debug logging for this logger for a complete list of JARs that were scanned but no TLDs were found in them. Skipping unneeded JARs during scanning can improve startup time and JSP compilation time.
24-Apr-2026 10:47:46.799 INFO [main] org.apache.catalina.startup.HostConfig.deployDirectory Deployment of web application directory [C:\Users\frano\Documents\jakartaee\projekt\apache-tomcat-10.1.52\webapps\docs] has finished in [1,814] ms
24-Apr-2026 10:47:46.801 INFO [main] org.apache.catalina.startup.HostConfig.deployDirectory Deploying web application directory [C:\Users\frano\Documents\jakartaee\projekt\apache-tomcat-10.1.52\webapps\examples]
24-Apr-2026 10:47:48.598 INFO [main] org.apache.jasper.servlet.TldScanner.scanJars At least one JAR was scanned for TLDs yet contained no TLDs. Enable debug logging for this logger for a complete list of JARs that were scanned but no TLDs were found in them. Skipping unneeded JARs during scanning can improve startup time and JSP compilation time.
24-Apr-2026 10:47:48.793 INFO [main] org.apache.catalina.startup.HostConfig.deployDirectory Deployment of web application directory [C:\Users\frano\Documents\jakartaee\projekt\apache-tomcat-10.1.52\webapps\examples] has finished in [1,992] ms
24-Apr-2026 10:47:48.795 INFO [main] org.apache.catalina.startup.HostConfig.deployDirectory Deploying web application directory [C:\Users\frano\Documents\jakartaee\projekt\apache-tomcat-10.1.52\webapps\host-manager]
24-Apr-2026 10:47:49.685 INFO [main] org.apache.jasper.servlet.TldScanner.scanJars At least one JAR was scanned for TLDs yet contained no TLDs. Enable debug logging for this logger for a complete list of JARs that were scanned but no TLDs were found in them. Skipping unneeded JARs during scanning can improve startup time and JSP compilation time.
24-Apr-2026 10:47:49.711 INFO [main] org.apache.catalina.startup.HostConfig.deployDirectory Deployment of web application directory [C:\Users\frano\Documents\jakartaee\projekt\apache-tomcat-10.1.52\webapps\host-manager] has finished in [915] ms
24-Apr-2026 10:47:49.713 INFO [main] org.apache.catalina.startup.HostConfig.deployDirectory Deploying web application directory [C:\Users\frano\Documents\jakartaee\projekt\apache-tomcat-10.1.52\webapps\manager]
24-Apr-2026 10:47:50.647 INFO [main] org.apache.jasper.servlet.TldScanner.scanJars At least one JAR was scanned for TLDs yet contained no TLDs. Enable debug logging for this logger for a complete list of JARs that were scanned but no TLDs were found in them. Skipping unneeded JARs during scanning can improve startup time and JSP compilation time.
24-Apr-2026 10:47:50.655 INFO [main] org.apache.catalina.startup.HostConfig.deployDirectory Deployment of web application directory [C:\Users\frano\Documents\jakartaee\projekt\apache-tomcat-10.1.52\webapps\manager] has finished in [941] ms
24-Apr-2026 10:47:50.656 INFO [main] org.apache.catalina.startup.HostConfig.deployDirectory Deploying web application directory [C:\Users\frano\Documents\jakartaee\projekt\apache-tomcat-10.1.52\webapps\ROOT]
24-Apr-2026 10:47:51.528 INFO [main] org.apache.jasper.servlet.TldScanner.scanJars At least one JAR was scanned for TLDs yet contained no TLDs. Enable debug logging for this logger for a complete list of JARs that were scanned but no TLDs were found in them. Skipping unneeded JARs during scanning can improve startup time and JSP compilation time.
24-Apr-2026 10:47:51.548 INFO [main] org.apache.catalina.startup.HostConfig.deployDirectory Deployment of web application directory [C:\Users\frano\Documents\jakartaee\projekt\apache-tomcat-10.1.52\webapps\ROOT] has finished in [891] ms
24-Apr-2026 10:47:51.560 INFO [main] org.apache.coyote.AbstractProtocol.start Starting ProtocolHandler ["http-nio-8080"]
24-Apr-2026 10:47:51.659 INFO [main] org.apache.catalina.startup.Catalina.start Server startup in [6861] milliseconds
24-Apr-2026 10:57:12.010 INFO [main] org.apache.catalina.startup.VersionLoggerListener.log Server version name:   Apache Tomcat/10.1.52
24-Apr-2026 10:57:12.024 INFO [main] org.apache.catalina.startup.VersionLoggerListener.log Server built:          Jan 23 2026 19:29:07 UTC
24-Apr-2026 10:57:12.026 INFO [main] org.apache.catalina.startup.VersionLoggerListener.log Server version number: 10.1.52.0
24-Apr-2026 10:57:12.027 INFO [main] org.apache.catalina.startup.VersionLoggerListener.log OS Name:               Windows 10
24-Apr-2026 10:57:12.027 INFO [main] org.apache.catalina.startup.VersionLoggerListener.log OS Version:            10.0
24-Apr-2026 10:57:12.028 INFO [main] org.apache.catalina.startup.VersionLoggerListener.log Architecture:          amd64
24-Apr-2026 10:57:12.029 INFO [main] org.apache.catalina.startup.VersionLoggerListener.log Java Home:             C:\Program Files\Java\jdk-17
24-Apr-2026 10:57:12.030 INFO [main] org.apache.catalina.startup.VersionLoggerListener.log JVM Version:           17.0.10+11-LTS-240
24-Apr-2026 10:57:12.031 INFO [main] org.apache.catalina.startup.VersionLoggerListener.log JVM Vendor:            Oracle Corporation
24-Apr-2026 10:57:12.032 INFO [main] org.apache.catalina.startup.VersionLoggerListener.log CATALINA_BASE:         C:\Users\frano\Documents\jakartaee\projekt\apache-tomcat-10.1.52
24-Apr-2026 10:57:12.033 INFO [main] org.apache.catalina.startup.VersionLoggerListener.log CATALINA_HOME:         C:\Users\frano\Documents\jakartaee\projekt\apache-tomcat-10.1.52
24-Apr-2026 10:57:12.055 INFO [main] org.apache.catalina.startup.VersionLoggerListener.log Command line argument: -Djava.util.logging.config.file=C:\Users\frano\Documents\jakartaee\projekt\apache-tomcat-10.1.52\conf\logging.properties
24-Apr-2026 10:57:12.056 INFO [main] org.apache.catalina.startup.VersionLoggerListener.log Command line argument: -Djava.util.logging.manager=org.apache.juli.ClassLoaderLogManager
24-Apr-2026 10:57:12.057 INFO [main] org.apache.catalina.startup.VersionLoggerListener.log Command line argument: -Djdk.tls.ephemeralDHKeySize=2048
24-Apr-2026 10:57:12.058 INFO [main] org.apache.catalina.startup.VersionLoggerListener.log Command line argument: -Djava.protocol.handler.pkgs=org.apache.catalina.webresources
24-Apr-2026 10:57:12.059 INFO [main] org.apache.catalina.startup.VersionLoggerListener.log Command line argument: -Dsun.io.useCanonCaches=false
24-Apr-2026 10:57:12.060 INFO [main] org.apache.catalina.startup.VersionLoggerListener.log Command line argument: --add-opens=java.base/java.lang=ALL-UNNAMED
24-Apr-2026 10:57:12.062 INFO [main] org.apache.catalina.startup.VersionLoggerListener.log Command line argument: --add-opens=java.base/java.lang.reflect=ALL-UNNAMED
24-Apr-2026 10:57:12.064 INFO [main] org.apache.catalina.startup.VersionLoggerListener.log Command line argument: --add-opens=java.base/java.io=ALL-UNNAMED
24-Apr-2026 10:57:12.070 INFO [main] org.apache.catalina.startup.VersionLoggerListener.log Command line argument: --add-opens=java.base/java.util=ALL-UNNAMED
24-Apr-2026 10:57:12.072 INFO [main] org.apache.catalina.startup.VersionLoggerListener.log Command line argument: --add-opens=java.base/java.util.concurrent=ALL-UNNAMED
24-Apr-2026 10:57:12.075 INFO [main] org.apache.catalina.startup.VersionLoggerListener.log Command line argument: --add-opens=java.rmi/sun.rmi.transport=ALL-UNNAMED
24-Apr-2026 10:57:12.076 INFO [main] org.apache.catalina.startup.VersionLoggerListener.log Command line argument: -Dcatalina.base=C:\Users\frano\Documents\jakartaee\projekt\apache-tomcat-10.1.52
24-Apr-2026 10:57:12.078 INFO [main] org.apache.catalina.startup.VersionLoggerListener.log Command line argument: -Dcatalina.home=C:\Users\frano\Documents\jakartaee\projekt\apache-tomcat-10.1.52
24-Apr-2026 10:57:12.079 INFO [main] org.apache.catalina.startup.VersionLoggerListener.log Command line argument: -Djava.io.tmpdir=C:\Users\frano\Documents\jakartaee\projekt\apache-tomcat-10.1.52\temp
24-Apr-2026 10:57:12.087 INFO [main] org.apache.catalina.core.AprLifecycleListener.lifecycleEvent Loaded Apache Tomcat Native library [2.0.12] using APR version [1.7.6].
24-Apr-2026 10:57:12.099 INFO [main] org.apache.catalina.core.AprLifecycleListener.initializeSSL OpenSSL successfully initialized [OpenSSL 3.5.4 30 Sep 2025]
24-Apr-2026 10:57:12.547 INFO [main] org.apache.coyote.AbstractProtocol.init Initializing ProtocolHandler ["http-nio-8080"]
24-Apr-2026 10:57:12.585 INFO [main] org.apache.catalina.startup.Catalina.load Server initialization in [992] milliseconds
24-Apr-2026 10:57:12.666 INFO [main] org.apache.catalina.core.StandardService.startInternal Starting service [Catalina]
24-Apr-2026 10:57:12.667 INFO [main] org.apache.catalina.core.StandardEngine.startInternal Starting Servlet engine: [Apache Tomcat/10.1.52]
24-Apr-2026 10:57:12.689 INFO [main] org.apache.catalina.startup.HostConfig.deployDirectory Deploying web application directory [C:\Users\frano\Documents\jakartaee\projekt\apache-tomcat-10.1.52\webapps\docs]
24-Apr-2026 10:57:15.152 INFO [main] org.apache.jasper.servlet.TldScanner.scanJars At least one JAR was scanned for TLDs yet contained no TLDs. Enable debug logging for this logger for a complete list of JARs that were scanned but no TLDs were found in them. Skipping unneeded JARs during scanning can improve startup time and JSP compilation time.
24-Apr-2026 10:57:15.335 INFO [main] org.apache.catalina.startup.HostConfig.deployDirectory Deployment of web application directory [C:\Users\frano\Documents\jakartaee\projekt\apache-tomcat-10.1.52\webapps\docs] has finished in [2,646] ms
24-Apr-2026 10:57:15.337 INFO [main] org.apache.catalina.startup.HostConfig.deployDirectory Deploying web application directory [C:\Users\frano\Documents\jakartaee\projekt\apache-tomcat-10.1.52\webapps\examples]
24-Apr-2026 10:57:18.081 INFO [main] org.apache.jasper.servlet.TldScanner.scanJars At least one JAR was scanned for TLDs yet contained no TLDs. Enable debug logging for this logger for a complete list of JARs that were scanned but no TLDs were found in them. Skipping unneeded JARs during scanning can improve startup time and JSP compilation time.
24-Apr-2026 10:57:18.269 INFO [main] org.apache.catalina.startup.HostConfig.deployDirectory Deployment of web application directory [C:\Users\frano\Documents\jakartaee\projekt\apache-tomcat-10.1.52\webapps\examples] has finished in [2,932] ms
24-Apr-2026 10:57:18.271 INFO [main] org.apache.catalina.startup.HostConfig.deployDirectory Deploying web application directory [C:\Users\frano\Documents\jakartaee\projekt\apache-tomcat-10.1.52\webapps\host-manager]
24-Apr-2026 10:57:19.668 INFO [main] org.apache.jasper.servlet.TldScanner.scanJars At least one JAR was scanned for TLDs yet contained no TLDs. Enable debug logging for this logger for a complete list of JARs that were scanned but no TLDs were found in them. Skipping unneeded JARs during scanning can improve startup time and JSP compilation time.
24-Apr-2026 10:57:19.689 INFO [main] org.apache.catalina.startup.HostConfig.deployDirectory Deployment of web application directory [C:\Users\frano\Documents\jakartaee\projekt\apache-tomcat-10.1.52\webapps\host-manager] has finished in [1,417] ms
24-Apr-2026 10:57:19.690 INFO [main] org.apache.catalina.startup.HostConfig.deployDirectory Deploying web application directory [C:\Users\frano\Documents\jakartaee\projekt\apache-tomcat-10.1.52\webapps\manager]
24-Apr-2026 10:57:21.212 INFO [main] org.apache.jasper.servlet.TldScanner.scanJars At least one JAR was scanned for TLDs yet contained no TLDs. Enable debug logging for this logger for a complete list of JARs that were scanned but no TLDs were found in them. Skipping unneeded JARs during scanning can improve startup time and JSP compilation time.
24-Apr-2026 10:57:21.222 INFO [main] org.apache.catalina.startup.HostConfig.deployDirectory Deployment of web application directory [C:\Users\frano\Documents\jakartaee\projekt\apache-tomcat-10.1.52\webapps\manager] has finished in [1,532] ms
24-Apr-2026 10:57:21.224 INFO [main] org.apache.catalina.startup.HostConfig.deployDirectory Deploying web application directory [C:\Users\frano\Documents\jakartaee\projekt\apache-tomcat-10.1.52\webapps\ROOT]
24-Apr-2026 10:57:22.748 INFO [main] org.apache.jasper.servlet.TldScanner.scanJars At least one JAR was scanned for TLDs yet contained no TLDs. Enable debug logging for this logger for a complete list of JARs that were scanned but no TLDs were found in them. Skipping unneeded JARs during scanning can improve startup time and JSP compilation time.
24-Apr-2026 10:57:22.767 INFO [main] org.apache.catalina.startup.HostConfig.deployDirectory Deployment of web application directory [C:\Users\frano\Documents\jakartaee\projekt\apache-tomcat-10.1.52\webapps\ROOT] has finished in [1,542] ms
24-Apr-2026 10:57:22.777 INFO [main] org.apache.coyote.AbstractProtocol.start Starting ProtocolHandler ["http-nio-8080"]
24-Apr-2026 10:57:22.882 INFO [main] org.apache.catalina.startup.Catalina.start Server startup in [10295] milliseconds
24-Apr-2026 10:57:23.028 WARNING [http-nio-8080-exec-1] jakarta.persistence.spi.PersistenceProviderResolverHolder$DefaultPersistenceProviderResolver.log jakarta.persistence.spi::No valid providers found.
24-Apr-2026 11:02:04.150 INFO [main] org.apache.catalina.startup.VersionLoggerListener.log Server version name:   Apache Tomcat/10.1.52
24-Apr-2026 11:02:04.162 INFO [main] org.apache.catalina.startup.VersionLoggerListener.log Server built:          Jan 23 2026 19:29:07 UTC
24-Apr-2026 11:02:04.162 INFO [main] org.apache.catalina.startup.VersionLoggerListener.log Server version number: 10.1.52.0
24-Apr-2026 11:02:04.164 INFO [main] org.apache.catalina.startup.VersionLoggerListener.log OS Name:               Windows 10
24-Apr-2026 11:02:04.165 INFO [main] org.apache.catalina.startup.VersionLoggerListener.log OS Version:            10.0
24-Apr-2026 11:02:04.165 INFO [main] org.apache.catalina.startup.VersionLoggerListener.log Architecture:          amd64
24-Apr-2026 11:02:04.165 INFO [main] org.apache.catalina.startup.VersionLoggerListener.log Java Home:             C:\Program Files\Java\jdk-17
24-Apr-2026 11:02:04.166 INFO [main] org.apache.catalina.startup.VersionLoggerListener.log JVM Version:           17.0.10+11-LTS-240
24-Apr-2026 11:02:04.166 INFO [main] org.apache.catalina.startup.VersionLoggerListener.log JVM Vendor:            Oracle Corporation
24-Apr-2026 11:02:04.168 INFO [main] org.apache.catalina.startup.VersionLoggerListener.log CATALINA_BASE:         C:\Users\frano\Documents\jakartaee\projekt\apache-tomcat-10.1.52
24-Apr-2026 11:02:04.169 INFO [main] org.apache.catalina.startup.VersionLoggerListener.log CATALINA_HOME:         C:\Users\frano\Documents\jakartaee\projekt\apache-tomcat-10.1.52
24-Apr-2026 11:02:04.184 INFO [main] org.apache.catalina.startup.VersionLoggerListener.log Command line argument: -Djava.util.logging.config.file=C:\Users\frano\Documents\jakartaee\projekt\apache-tomcat-10.1.52\conf\logging.properties
24-Apr-2026 11:02:04.185 INFO [main] org.apache.catalina.startup.VersionLoggerListener.log Command line argument: -Djava.util.logging.manager=org.apache.juli.ClassLoaderLogManager
24-Apr-2026 11:02:04.186 INFO [main] org.apache.catalina.startup.VersionLoggerListener.log Command line argument: -Djdk.tls.ephemeralDHKeySize=2048
24-Apr-2026 11:02:04.186 INFO [main] org.apache.catalina.startup.VersionLoggerListener.log Command line argument: -Djava.protocol.handler.pkgs=org.apache.catalina.webresources
24-Apr-2026 11:02:04.186 INFO [main] org.apache.catalina.startup.VersionLoggerListener.log Command line argument: -Dsun.io.useCanonCaches=false
24-Apr-2026 11:02:04.188 INFO [main] org.apache.catalina.startup.VersionLoggerListener.log Command line argument: --add-opens=java.base/java.lang=ALL-UNNAMED
24-Apr-2026 11:02:04.190 INFO [main] org.apache.catalina.startup.VersionLoggerListener.log Command line argument: --add-opens=java.base/java.lang.reflect=ALL-UNNAMED
24-Apr-2026 11:02:04.192 INFO [main] org.apache.catalina.startup.VersionLoggerListener.log Command line argument: --add-opens=java.base/java.io=ALL-UNNAMED
24-Apr-2026 11:02:04.196 INFO [main] org.apache.catalina.startup.VersionLoggerListener.log Command line argument: --add-opens=java.base/java.util=ALL-UNNAMED
24-Apr-2026 11:02:04.199 INFO [main] org.apache.catalina.startup.VersionLoggerListener.log Command line argument: --add-opens=java.base/java.util.concurrent=ALL-UNNAMED
24-Apr-2026 11:02:04.199 INFO [main] org.apache.catalina.startup.VersionLoggerListener.log Command line argument: --add-opens=java.rmi/sun.rmi.transport=ALL-UNNAMED
24-Apr-2026 11:02:04.202 INFO [main] org.apache.catalina.startup.VersionLoggerListener.log Command line argument: -Dcatalina.base=C:\Users\frano\Documents\jakartaee\projekt\apache-tomcat-10.1.52
24-Apr-2026 11:02:04.203 INFO [main] org.apache.catalina.startup.VersionLoggerListener.log Command line argument: -Dcatalina.home=C:\Users\frano\Documents\jakartaee\projekt\apache-tomcat-10.1.52
24-Apr-2026 11:02:04.205 INFO [main] org.apache.catalina.startup.VersionLoggerListener.log Command line argument: -Djava.io.tmpdir=C:\Users\frano\Documents\jakartaee\projekt\apache-tomcat-10.1.52\temp
24-Apr-2026 11:02:04.212 INFO [main] org.apache.catalina.core.AprLifecycleListener.lifecycleEvent Loaded Apache Tomcat Native library [2.0.12] using APR version [1.7.6].
24-Apr-2026 11:02:04.224 INFO [main] org.apache.catalina.core.AprLifecycleListener.initializeSSL OpenSSL successfully initialized [OpenSSL 3.5.4 30 Sep 2025]
24-Apr-2026 11:02:04.811 INFO [main] org.apache.coyote.AbstractProtocol.init Initializing ProtocolHandler ["http-nio-8080"]
24-Apr-2026 11:02:04.879 INFO [main] org.apache.catalina.startup.Catalina.load Server initialization in [1152] milliseconds
24-Apr-2026 11:02:05.008 INFO [main] org.apache.catalina.core.StandardService.startInternal Starting service [Catalina]
24-Apr-2026 11:02:05.009 INFO [main] org.apache.catalina.core.StandardEngine.startInternal Starting Servlet engine: [Apache Tomcat/10.1.52]
24-Apr-2026 11:02:05.050 INFO [main] org.apache.catalina.startup.HostConfig.deployDirectory Deploying web application directory [C:\Users\frano\Documents\jakartaee\projekt\apache-tomcat-10.1.52\webapps\docs]
24-Apr-2026 11:02:07.740 INFO [main] org.apache.jasper.servlet.TldScanner.scanJars At least one JAR was scanned for TLDs yet contained no TLDs. Enable debug logging for this logger for a complete list of JARs that were scanned but no TLDs were found in them. Skipping unneeded JARs during scanning can improve startup time and JSP compilation time.
24-Apr-2026 11:02:07.922 INFO [main] org.apache.catalina.startup.HostConfig.deployDirectory Deployment of web application directory [C:\Users\frano\Documents\jakartaee\projekt\apache-tomcat-10.1.52\webapps\docs] has finished in [2,872] ms
24-Apr-2026 11:02:07.924 INFO [main] org.apache.catalina.startup.HostConfig.deployDirectory Deploying web application directory [C:\Users\frano\Documents\jakartaee\projekt\apache-tomcat-10.1.52\webapps\examples]
24-Apr-2026 11:02:10.508 INFO [main] org.apache.jasper.servlet.TldScanner.scanJars At least one JAR was scanned for TLDs yet contained no TLDs. Enable debug logging for this logger for a complete list of JARs that were scanned but no TLDs were found in them. Skipping unneeded JARs during scanning can improve startup time and JSP compilation time.
24-Apr-2026 11:02:10.731 INFO [main] org.apache.catalina.startup.HostConfig.deployDirectory Deployment of web application directory [C:\Users\frano\Documents\jakartaee\projekt\apache-tomcat-10.1.52\webapps\examples] has finished in [2,806] ms
24-Apr-2026 11:02:10.732 INFO [main] org.apache.catalina.startup.HostConfig.deployDirectory Deploying web application directory [C:\Users\frano\Documents\jakartaee\projekt\apache-tomcat-10.1.52\webapps\host-manager]
24-Apr-2026 11:02:12.093 INFO [main] org.apache.jasper.servlet.TldScanner.scanJars At least one JAR was scanned for TLDs yet contained no TLDs. Enable debug logging for this logger for a complete list of JARs that were scanned but no TLDs were found in them. Skipping unneeded JARs during scanning can improve startup time and JSP compilation time.
24-Apr-2026 11:02:12.134 INFO [main] org.apache.catalina.startup.HostConfig.deployDirectory Deployment of web application directory [C:\Users\frano\Documents\jakartaee\projekt\apache-tomcat-10.1.52\webapps\host-manager] has finished in [1,401] ms
24-Apr-2026 11:02:12.136 INFO [main] org.apache.catalina.startup.HostConfig.deployDirectory Deploying web application directory [C:\Users\frano\Documents\jakartaee\projekt\apache-tomcat-10.1.52\webapps\manager]
24-Apr-2026 11:02:13.908 INFO [main] org.apache.jasper.servlet.TldScanner.scanJars At least one JAR was scanned for TLDs yet contained no TLDs. Enable debug logging for this logger for a complete list of JARs that were scanned but no TLDs were found in them. Skipping unneeded JARs during scanning can improve startup time and JSP compilation time.
24-Apr-2026 11:02:13.924 INFO [main] org.apache.catalina.startup.HostConfig.deployDirectory Deployment of web application directory [C:\Users\frano\Documents\jakartaee\projekt\apache-tomcat-10.1.52\webapps\manager] has finished in [1,787] ms
24-Apr-2026 11:02:13.927 INFO [main] org.apache.catalina.startup.HostConfig.deployDirectory Deploying web application directory [C:\Users\frano\Documents\jakartaee\projekt\apache-tomcat-10.1.52\webapps\ROOT]
24-Apr-2026 11:02:15.376 INFO [main] org.apache.jasper.servlet.TldScanner.scanJars At least one JAR was scanned for TLDs yet contained no TLDs. Enable debug logging for this logger for a complete list of JARs that were scanned but no TLDs were found in them. Skipping unneeded JARs during scanning can improve startup time and JSP compilation time.
24-Apr-2026 11:02:15.393 INFO [main] org.apache.catalina.startup.HostConfig.deployDirectory Deployment of web application directory [C:\Users\frano\Documents\jakartaee\projekt\apache-tomcat-10.1.52\webapps\ROOT] has finished in [1,466] ms
24-Apr-2026 11:02:15.405 INFO [main] org.apache.coyote.AbstractProtocol.start Starting ProtocolHandler ["http-nio-8080"]
24-Apr-2026 11:02:15.493 INFO [main] org.apache.catalina.startup.Catalina.start Server startup in [10611] milliseconds
24-Apr-2026 11:02:17.113 WARNING [http-nio-8080-exec-1] jakarta.persistence.spi.PersistenceProviderResolverHolder$DefaultPersistenceProviderResolver.log jakarta.persistence.spi::No valid providers found.
